--- WPS-Z80 NEURAL TRACE: .\programs\lesson6.bin ---
[0000] LD A, 0x00                     | A:00 B:00 F:00000000 [Z:0 C:0]
[0002] LD (0xC000), A                 | A:00 B:00 F:00000000 [Z:0 C:0]
[0005] LD (0xC001), A                 | A:00 B:00 F:00000000 [Z:0 C:0]
[0008] LD (0xC002), A                 | A:00 B:00 F:00000000 [Z:0 C:0]
[000B] LD (0xC003), A                 | A:00 B:00 F:00000000 [Z:0 C:0]
[000E] LD (0xC004), A                 | A:00 B:00 F:00000000 [Z:0 C:0]
[0011] LD (0xC005), A                 | A:00 B:00 F:00000000 [Z:0 C:0]
[0014] LD (0xC006), A                 | A:00 B:00 F:00000000 [Z:0 C:0]
[0017] LD (0xC007), A                 | A:00 B:00 F:00000000 [Z:0 C:0]
[001A] LD A, 0x00                     | A:00 B:00 F:00000000 [Z:0 C:0]
[001C] LD (0xC800), A                 | A:00 B:00 F:00000000 [Z:0 C:0]
[001F] LD (0xC801), A                 | A:00 B:00 F:00000000 [Z:0 C:0]
[0022] LD (0xC802), A                 | A:00 B:00 F:00000000 [Z:0 C:0]
[0025] LD (0xC803), A                 | A:00 B:00 F:00000000 [Z:0 C:0]
[0028] LD (0xC804), A                 | A:00 B:00 F:00000000 [Z:0 C:0]
[002B] LD (0xC805), A                 | A:00 B:00 F:00000000 [Z:0 C:0]
[002E] LD (0xC806), A                 | A:00 B:00 F:00000000 [Z:0 C:0]
[0031] LD (0xC807), A                 | A:00 B:00 F:00000000 [Z:0 C:0]
[0034] LD A, 0x00                     | A:00 B:00 F:00000000 [Z:0 C:0]
[0036] LD (0xD000), A                 | A:00 B:00 F:00000000 [Z:0 C:0]
[0039] LD (0xD001), A                 | A:00 B:00 F:00000000 [Z:0 C:0]
[003C] LD (0xD002), A                 | A:00 B:00 F:00000000 [Z:0 C:0]
[003F] LD (0xD003), A                 | A:00 B:00 F:00000000 [Z:0 C:0]
[0042] LD (0xD004), A                 | A:00 B:00 F:00000000 [Z:0 C:0]
[0045] LD (0xD005), A                 | A:00 B:00 F:00000000 [Z:0 C:0]
[0048] LD (0xD006), A                 | A:00 B:00 F:00000000 [Z:0 C:0]
[004B] LD (0xD007), A                 | A:00 B:00 F:00000000 [Z:0 C:0]
[004E] LD A, 0x00                     | A:00 B:00 F:00000000 [Z:0 C:0]
[0050] LD (0xD800), A                 | A:00 B:00 F:00000000 [Z:0 C:0]
[0053] LD (0xD801), A                 | A:00 B:00 F:00000000 [Z:0 C:0]
[0056] LD (0xD802), A                 | A:00 B:00 F:00000000 [Z:0 C:0]
[0059] LD (0xD803), A                 | A:00 B:00 F:00000000 [Z:0 C:0]
[005C] LD (0xD804), A                 | A:00 B:00 F:00000000 [Z:0 C:0]
[005F] LD (0xD805), A                 | A:00 B:00 F:00000000 [Z:0 C:0]
[0062] LD (0xD806), A                 | A:00 B:00 F:00000000 [Z:0 C:0]
[0065] LD (0xD807), A                 | A:00 B:00 F:00000000 [Z:0 C:0]
[0068] LD A, 0x00                     | A:00 B:00 F:00000000 [Z:0 C:0]
[006A] LD (0xE000), A                 | A:00 B:00 F:00000000 [Z:0 C:0]
[006D] LD (0xE001), A                 | A:00 B:00 F:00000000 [Z:0 C:0]
[0070] LD (0xE002), A                 | A:00 B:00 F:00000000 [Z:0 C:0]
[0073] LD (0xE003), A                 | A:00 B:00 F:00000000 [Z:0 C:0]
[0076] LD (0xE004), A                 | A:00 B:00 F:00000000 [Z:0 C:0]
[0079] LD (0xE005), A                 | A:00 B:00 F:00000000 [Z:0 C:0]
[007C] LD (0xE006), A                 | A:00 B:00 F:00000000 [Z:0 C:0]
[007F] LD (0xE007), A                 | A:00 B:00 F:00000000 [Z:0 C:0]
[0082] LD A, 0x00                     | A:00 B:00 F:00000000 [Z:0 C:0]
[0084] LD (0xE800), A                 | A:00 B:00 F:00000000 [Z:0 C:0]
[0087] LD (0xE801), A                 | A:00 B:00 F:00000000 [Z:0 C:0]
[008A] LD (0xE802), A                 | A:00 B:00 F:00000000 [Z:0 C:0]
[008D] LD (0xE803), A                 | A:00 B:00 F:00000000 [Z:0 C:0]
[0090] LD (0xE804), A                 | A:00 B:00 F:00000000 [Z:0 C:0]
[0093] LD (0xE805), A                 | A:00 B:00 F:00000000 [Z:0 C:0]
[0096] LD (0xE806), A                 | A:00 B:00 F:00000000 [Z:0 C:0]
[0099] LD (0xE807), A                 | A:00 B:00 F:00000000 [Z:0 C:0]
[009C] LD A, 0x00                     | A:00 B:00 F:00000000 [Z:0 C:0]
[009E] LD (0xF000), A                 | A:00 B:00 F:00000000 [Z:0 C:0]
[00A1] LD (0xF001), A                 | A:00 B:00 F:00000000 [Z:0 C:0]
[00A4] LD (0xF002), A                 | A:00 B:00 F:00000000 [Z:0 C:0]
[00A7] LD (0xF003), A                 | A:00 B:00 F:00000000 [Z:0 C:0]
[00AA] LD (0xF004), A                 | A:00 B:00 F:00000000 [Z:0 C:0]
[00AD] LD (0xF005), A                 | A:00 B:00 F:00000000 [Z:0 C:0]
[00B0] LD (0xF006), A                 | A:00 B:00 F:00000000 [Z:0 C:0]
[00B3] LD (0xF007), A                 | A:00 B:00 F:00000000 [Z:0 C:0]
[00B6] LD A, 0x00                     | A:00 B:00 F:00000000 [Z:0 C:0]
[00B8] LD (0xF800), A                 | A:00 B:00 F:00000000 [Z:0 C:0]
[00BB] LD (0xF801), A                 | A:00 B:00 F:00000000 [Z:0 C:0]
[00BE] LD (0xF802), A                 | A:00 B:00 F:00000000 [Z:0 C:0]
[00C1] LD (0xF803), A                 | A:00 B:00 F:00000000 [Z:0 C:0]
[00C4] LD (0xF804), A                 | A:00 B:00 F:00000000 [Z:0 C:0]
[00C7] LD (0xF805), A                 | A:00 B:00 F:00000000 [Z:0 C:0]
[00CA] LD (0xF806), A                 | A:00 B:00 F:00000000 [Z:0 C:0]
[00CD] LD (0xF807), A                 | A:00 B:00 F:00000000 [Z:0 C:0]
[00D0] LD A, 0x00                     | A:00 B:00 F:00000000 [Z:0 C:0]
[00D2] LD (0xC050), A                 | A:00 B:00 F:00000000 [Z:0 C:0]
[00D5] LD (0xC051), A                 | A:00 B:00 F:00000000 [Z:0 C:0]
[00D8] LD (0xC052), A                 | A:00 B:00 F:00000000 [Z:0 C:0]
[00DB] LD (0xC053), A                 | A:00 B:00 F:00000000 [Z:0 C:0]
[00DE] LD (0xC054), A                 | A:00 B:00 F:00000000 [Z:0 C:0]
[00E1] LD (0xC055), A                 | A:00 B:00 F:00000000 [Z:0 C:0]
[00E4] LD (0xC056), A                 | A:00 B:00 F:00000000 [Z:0 C:0]
[00E7] LD (0xC057), A                 | A:00 B:00 F:00000000 [Z:0 C:0]
[00EA] LD A, 0x00                     | A:00 B:00 F:00000000 [Z:0 C:0]
[00EC] LD (0xC850), A                 | A:00 B:00 F:00000000 [Z:0 C:0]
[00EF] LD (0xC851), A                 | A:00 B:00 F:00000000 [Z:0 C:0]
[00F2] LD (0xC852), A                 | A:00 B:00 F:00000000 [Z:0 C:0]
[00F5] LD (0xC853), A                 | A:00 B:00 F:00000000 [Z:0 C:0]
[00F8] LD (0xC854), A                 | A:00 B:00 F:00000000 [Z:0 C:0]
[00FB] LD (0xC855), A                 | A:00 B:00 F:00000000 [Z:0 C:0]
[00FE] LD (0xC856), A                 | A:00 B:00 F:00000000 [Z:0 C:0]
[0101] LD (0xC857), A                 | A:00 B:00 F:00000000 [Z:0 C:0]
[0104] LD A, 0x00                     | A:00 B:00 F:00000000 [Z:0 C:0]
[0106] LD (0xD050), A                 | A:00 B:00 F:00000000 [Z:0 C:0]
[0109] LD (0xD051), A                 | A:00 B:00 F:00000000 [Z:0 C:0]
[010C] LD (0xD052), A                 | A:00 B:00 F:00000000 [Z:0 C:0]
[010F] LD (0xD053), A                 | A:00 B:00 F:00000000 [Z:0 C:0]
[0112] LD (0xD054), A                 | A:00 B:00 F:00000000 [Z:0 C:0]
[0115] LD (0xD055), A                 | A:00 B:00 F:00000000 [Z:0 C:0]
[0118] LD (0xD056), A                 | A:00 B:00 F:00000000 [Z:0 C:0]
[011B] LD (0xD057), A                 | A:00 B:00 F:00000000 [Z:0 C:0]
[011E] LD A, 0x00                     | A:00 B:00 F:00000000 [Z:0 C:0]
[0120] LD (0xD850), A                 | A:00 B:00 F:00000000 [Z:0 C:0]
[0123] LD (0xD851), A                 | A:00 B:00 F:00000000 [Z:0 C:0]
[0126] LD (0xD852), A                 | A:00 B:00 F:00000000 [Z:0 C:0]
[0129] LD (0xD853), A                 | A:00 B:00 F:00000000 [Z:0 C:0]
[012C] LD (0xD854), A                 | A:00 B:00 F:00000000 [Z:0 C:0]
[012F] LD (0xD855), A                 | A:00 B:00 F:00000000 [Z:0 C:0]
[0132] LD (0xD856), A                 | A:00 B:00 F:00000000 [Z:0 C:0]
[0135] LD (0xD857), A                 | A:00 B:00 F:00000000 [Z:0 C:0]
[0138] LD A, 0x00                     | A:00 B:00 F:00000000 [Z:0 C:0]
[013A] LD (0xE050), A                 | A:00 B:00 F:00000000 [Z:0 C:0]
[013D] LD (0xE051), A                 | A:00 B:00 F:00000000 [Z:0 C:0]
[0140] LD (0xE052), A                 | A:00 B:00 F:00000000 [Z:0 C:0]
[0143] LD (0xE053), A                 | A:00 B:00 F:00000000 [Z:0 C:0]
[0146] LD (0xE054), A                 | A:00 B:00 F:00000000 [Z:0 C:0]
[0149] LD (0xE055), A                 | A:00 B:00 F:00000000 [Z:0 C:0]
[014C] LD (0xE056), A                 | A:00 B:00 F:00000000 [Z:0 C:0]
[014F] LD (0xE057), A                 | A:00 B:00 F:00000000 [Z:0 C:0]
[0152] LD A, 0x00                     | A:00 B:00 F:00000000 [Z:0 C:0]
[0154] LD (0xE850), A                 | A:00 B:00 F:00000000 [Z:0 C:0]
[0157] LD (0xE851), A                 | A:00 B:00 F:00000000 [Z:0 C:0]
[015A] LD (0xE852), A                 | A:00 B:00 F:00000000 [Z:0 C:0]
[015D] LD (0xE853), A                 | A:00 B:00 F:00000000 [Z:0 C:0]
[0160] LD (0xE854), A                 | A:00 B:00 F:00000000 [Z:0 C:0]
[0163] LD (0xE855), A                 | A:00 B:00 F:00000000 [Z:0 C:0]
[0166] LD (0xE856), A                 | A:00 B:00 F:00000000 [Z:0 C:0]
[0169] LD (0xE857), A                 | A:00 B:00 F:00000000 [Z:0 C:0]
[016C] LD A, 0x00                     | A:00 B:00 F:00000000 [Z:0 C:0]
[016E] LD (0xF050), A                 | A:00 B:00 F:00000000 [Z:0 C:0]
[0171] LD (0xF051), A                 | A:00 B:00 F:00000000 [Z:0 C:0]
[0174] LD (0xF052), A                 | A:00 B:00 F:00000000 [Z:0 C:0]
[0177] LD (0xF053), A                 | A:00 B:00 F:00000000 [Z:0 C:0]
[017A] LD (0xF054), A                 | A:00 B:00 F:00000000 [Z:0 C:0]
[017D] LD (0xF055), A                 | A:00 B:00 F:00000000 [Z:0 C:0]
[0180] LD (0xF056), A                 | A:00 B:00 F:00000000 [Z:0 C:0]
[0183] LD (0xF057), A                 | A:00 B:00 F:00000000 [Z:0 C:0]
[0186] LD A, 0x00                     | A:00 B:00 F:00000000 [Z:0 C:0]
[0188] LD (0xF850), A                 | A:00 B:00 F:00000000 [Z:0 C:0]
[018B] LD (0xF851), A                 | A:00 B:00 F:00000000 [Z:0 C:0]
[018E] LD (0xF852), A                 | A:00 B:00 F:00000000 [Z:0 C:0]
[0191] LD (0xF853), A                 | A:00 B:00 F:00000000 [Z:0 C:0]
[0194] LD (0xF854), A                 | A:00 B:00 F:00000000 [Z:0 C:0]
[0197] LD (0xF855), A                 | A:00 B:00 F:00000000 [Z:0 C:0]
[019A] LD (0xF856), A                 | A:00 B:00 F:00000000 [Z:0 C:0]
[019D] LD (0xF857), A                 | A:00 B:00 F:00000000 [Z:0 C:0]
[01A0] LD A, 0x00                     | A:00 B:00 F:00000000 [Z:0 C:0]
[01A2] LD (0xC0A0), A                 | A:00 B:00 F:00000000 [Z:0 C:0]
[01A5] LD (0xC0A1), A                 | A:00 B:00 F:00000000 [Z:0 C:0]
[01A8] LD (0xC0A2), A                 | A:00 B:00 F:00000000 [Z:0 C:0]
[01AB] LD (0xC0A3), A                 | A:00 B:00 F:00000000 [Z:0 C:0]
[01AE] LD (0xC0A4), A                 | A:00 B:00 F:00000000 [Z:0 C:0]
[01B1] LD (0xC0A5), A                 | A:00 B:00 F:00000000 [Z:0 C:0]
[01B4] LD (0xC0A6), A                 | A:00 B:00 F:00000000 [Z:0 C:0]
[01B7] LD (0xC0A7), A                 | A:00 B:00 F:00000000 [Z:0 C:0]
[01BA] LD A, 0x00                     | A:00 B:00 F:00000000 [Z:0 C:0]
[01BC] LD (0xC8A0), A                 | A:00 B:00 F:00000000 [Z:0 C:0]
[01BF] LD (0xC8A1), A                 | A:00 B:00 F:00000000 [Z:0 C:0]
[01C2] LD (0xC8A2), A                 | A:00 B:00 F:00000000 [Z:0 C:0]
[01C5] LD (0xC8A3), A                 | A:00 B:00 F:00000000 [Z:0 C:0]
[01C8] LD (0xC8A4), A                 | A:00 B:00 F:00000000 [Z:0 C:0]
[01CB] LD (0xC8A5), A                 | A:00 B:00 F:00000000 [Z:0 C:0]
[01CE] LD (0xC8A6), A                 | A:00 B:00 F:00000000 [Z:0 C:0]
[01D1] LD (0xC8A7), A                 | A:00 B:00 F:00000000 [Z:0 C:0]
[01D4] LD A, 0x00                     | A:00 B:00 F:00000000 [Z:0 C:0]
[01D6] LD (0xD0A0), A                 | A:00 B:00 F:00000000 [Z:0 C:0]
[01D9] LD (0xD0A1), A                 | A:00 B:00 F:00000000 [Z:0 C:0]
[01DC] LD (0xD0A2), A                 | A:00 B:00 F:00000000 [Z:0 C:0]
[01DF] LD (0xD0A3), A                 | A:00 B:00 F:00000000 [Z:0 C:0]
[01E2] LD (0xD0A4), A                 | A:00 B:00 F:00000000 [Z:0 C:0]
[01E5] LD (0xD0A5), A                 | A:00 B:00 F:00000000 [Z:0 C:0]
[01E8] LD (0xD0A6), A                 | A:00 B:00 F:00000000 [Z:0 C:0]
[01EB] LD (0xD0A7), A                 | A:00 B:00 F:00000000 [Z:0 C:0]
[01EE] LD A, 0x00                     | A:00 B:00 F:00000000 [Z:0 C:0]
[01F0] LD (0xD8A0), A                 | A:00 B:00 F:00000000 [Z:0 C:0]
[01F3] LD (0xD8A1), A                 | A:00 B:00 F:00000000 [Z:0 C:0]
[01F6] LD (0xD8A2), A                 | A:00 B:00 F:00000000 [Z:0 C:0]
[01F9] LD (0xD8A3), A                 | A:00 B:00 F:00000000 [Z:0 C:0]
[01FC] LD (0xD8A4), A                 | A:00 B:00 F:00000000 [Z:0 C:0]
[01FF] LD (0xD8A5), A                 | A:00 B:00 F:00000000 [Z:0 C:0]
[0202] LD (0xD8A6), A                 | A:00 B:00 F:00000000 [Z:0 C:0]
[0205] LD (0xD8A7), A                 | A:00 B:00 F:00000000 [Z:0 C:0]
[0208] LD A, 0x00                     | A:00 B:00 F:00000000 [Z:0 C:0]
[020A] LD (0xE0A0), A                 | A:00 B:00 F:00000000 [Z:0 C:0]
[020D] LD (0xE0A1), A                 | A:00 B:00 F:00000000 [Z:0 C:0]
[0210] LD (0xE0A2), A                 | A:00 B:00 F:00000000 [Z:0 C:0]
[0213] LD (0xE0A3), A                 | A:00 B:00 F:00000000 [Z:0 C:0]
[0216] LD (0xE0A4), A                 | A:00 B:00 F:00000000 [Z:0 C:0]
[0219] LD (0xE0A5), A                 | A:00 B:00 F:00000000 [Z:0 C:0]
[021C] LD (0xE0A6), A                 | A:00 B:00 F:00000000 [Z:0 C:0]
[021F] LD (0xE0A7), A                 | A:00 B:00 F:00000000 [Z:0 C:0]
[0222] LD A, 0x00                     | A:00 B:00 F:00000000 [Z:0 C:0]
[0224] LD (0xE8A0), A                 | A:00 B:00 F:00000000 [Z:0 C:0]
[0227] LD (0xE8A1), A                 | A:00 B:00 F:00000000 [Z:0 C:0]
[022A] LD (0xE8A2), A                 | A:00 B:00 F:00000000 [Z:0 C:0]
[022D] LD (0xE8A3), A                 | A:00 B:00 F:00000000 [Z:0 C:0]
[0230] LD (0xE8A4), A                 | A:00 B:00 F:00000000 [Z:0 C:0]
[0233] LD (0xE8A5), A                 | A:00 B:00 F:00000000 [Z:0 C:0]
[0236] LD (0xE8A6), A                 | A:00 B:00 F:00000000 [Z:0 C:0]
[0239] LD (0xE8A7), A                 | A:00 B:00 F:00000000 [Z:0 C:0]
[023C] LD A, 0x00                     | A:00 B:00 F:00000000 [Z:0 C:0]
[023E] LD (0xF0A0), A                 | A:00 B:00 F:00000000 [Z:0 C:0]
[0241] LD (0xF0A1), A                 | A:00 B:00 F:00000000 [Z:0 C:0]
[0244] LD (0xF0A2), A                 | A:00 B:00 F:00000000 [Z:0 C:0]
[0247] LD (0xF0A3), A                 | A:00 B:00 F:00000000 [Z:0 C:0]
[024A] LD (0xF0A4), A                 | A:00 B:00 F:00000000 [Z:0 C:0]
[024D] LD (0xF0A5), A                 | A:00 B:00 F:00000000 [Z:0 C:0]
[0250] LD (0xF0A6), A                 | A:00 B:00 F:00000000 [Z:0 C:0]
[0253] LD (0xF0A7), A                 | A:00 B:00 F:00000000 [Z:0 C:0]
[0256] LD A, 0x00                     | A:00 B:00 F:00000000 [Z:0 C:0]
[0258] LD (0xF8A0), A                 | A:00 B:00 F:00000000 [Z:0 C:0]
[025B] LD (0xF8A1), A                 | A:00 B:00 F:00000000 [Z:0 C:0]
[025E] LD (0xF8A2), A                 | A:00 B:00 F:00000000 [Z:0 C:0]
[0261] LD (0xF8A3), A                 | A:00 B:00 F:00000000 [Z:0 C:0]
[0264] LD (0xF8A4), A                 | A:00 B:00 F:00000000 [Z:0 C:0]
[0267] LD (0xF8A5), A                 | A:00 B:00 F:00000000 [Z:0 C:0]
[026A] LD (0xF8A6), A                 | A:00 B:00 F:00000000 [Z:0 C:0]
[026D] LD (0xF8A7), A                 | A:00 B:00 F:00000000 [Z:0 C:0]
[0270] LD A, 0x00                     | A:00 B:00 F:00000000 [Z:0 C:0]
[0272] LD (0xC0F0), A                 | A:00 B:00 F:00000000 [Z:0 C:0]
[0275] LD (0xC0F1), A                 | A:00 B:00 F:00000000 [Z:0 C:0]
[0278] LD (0xC0F2), A                 | A:00 B:00 F:00000000 [Z:0 C:0]
[027B] LD (0xC0F3), A                 | A:00 B:00 F:00000000 [Z:0 C:0]
[027E] LD (0xC0F4), A                 | A:00 B:00 F:00000000 [Z:0 C:0]
[0281] LD (0xC0F5), A                 | A:00 B:00 F:00000000 [Z:0 C:0]
[0284] LD (0xC0F6), A                 | A:00 B:00 F:00000000 [Z:0 C:0]
[0287] LD (0xC0F7), A                 | A:00 B:00 F:00000000 [Z:0 C:0]
[028A] LD A, 0x00                     | A:00 B:00 F:00000000 [Z:0 C:0]
[028C] LD (0xC8F0), A                 | A:00 B:00 F:00000000 [Z:0 C:0]
[028F] LD (0xC8F1), A                 | A:00 B:00 F:00000000 [Z:0 C:0]
[0292] LD (0xC8F2), A                 | A:00 B:00 F:00000000 [Z:0 C:0]
[0295] LD (0xC8F3), A                 | A:00 B:00 F:00000000 [Z:0 C:0]
[0298] LD (0xC8F4), A                 | A:00 B:00 F:00000000 [Z:0 C:0]
[029B] LD (0xC8F5), A                 | A:00 B:00 F:00000000 [Z:0 C:0]
[029E] LD (0xC8F6), A                 | A:00 B:00 F:00000000 [Z:0 C:0]
[02A1] LD (0xC8F7), A                 | A:00 B:00 F:00000000 [Z:0 C:0]
[02A4] LD A, 0x00                     | A:00 B:00 F:00000000 [Z:0 C:0]
[02A6] LD (0xD0F0), A                 | A:00 B:00 F:00000000 [Z:0 C:0]
[02A9] LD (0xD0F1), A                 | A:00 B:00 F:00000000 [Z:0 C:0]
[02AC] LD (0xD0F2), A                 | A:00 B:00 F:00000000 [Z:0 C:0]
[02AF] LD (0xD0F3), A                 | A:00 B:00 F:00000000 [Z:0 C:0]
[02B2] LD (0xD0F4), A                 | A:00 B:00 F:00000000 [Z:0 C:0]
[02B5] LD (0xD0F5), A                 | A:00 B:00 F:00000000 [Z:0 C:0]
[02B8] LD (0xD0F6), A                 | A:00 B:00 F:00000000 [Z:0 C:0]
[02BB] LD (0xD0F7), A                 | A:00 B:00 F:00000000 [Z:0 C:0]
[02BE] LD A, 0x00                     | A:00 B:00 F:00000000 [Z:0 C:0]
[02C0] LD (0xD8F0), A                 | A:00 B:00 F:00000000 [Z:0 C:0]
[02C3] LD (0xD8F1), A                 | A:00 B:00 F:00000000 [Z:0 C:0]
[02C6] LD (0xD8F2), A                 | A:00 B:00 F:00000000 [Z:0 C:0]
[02C9] LD (0xD8F3), A                 | A:00 B:00 F:00000000 [Z:0 C:0]
[02CC] LD (0xD8F4), A                 | A:00 B:00 F:00000000 [Z:0 C:0]
[02CF] LD (0xD8F5), A                 | A:00 B:00 F:00000000 [Z:0 C:0]
[02D2] LD (0xD8F6), A                 | A:00 B:00 F:00000000 [Z:0 C:0]
[02D5] LD (0xD8F7), A                 | A:00 B:00 F:00000000 [Z:0 C:0]
[02D8] LD A, 0x00                     | A:00 B:00 F:00000000 [Z:0 C:0]
[02DA] LD (0xE0F0), A                 | A:00 B:00 F:00000000 [Z:0 C:0]
[02DD] LD (0xE0F1), A                 | A:00 B:00 F:00000000 [Z:0 C:0]
[02E0] LD (0xE0F2), A                 | A:00 B:00 F:00000000 [Z:0 C:0]
[02E3] LD (0xE0F3), A                 | A:00 B:00 F:00000000 [Z:0 C:0]
[02E6] LD (0xE0F4), A                 | A:00 B:00 F:00000000 [Z:0 C:0]
[02E9] LD (0xE0F5), A                 | A:00 B:00 F:00000000 [Z:0 C:0]
[02EC] LD (0xE0F6), A                 | A:00 B:00 F:00000000 [Z:0 C:0]
[02EF] LD (0xE0F7), A                 | A:00 B:00 F:00000000 [Z:0 C:0]
[02F2] LD A, 0x00                     | A:00 B:00 F:00000000 [Z:0 C:0]
[02F4] LD (0xE8F0), A                 | A:00 B:00 F:00000000 [Z:0 C:0]
[02F7] LD (0xE8F1), A                 | A:00 B:00 F:00000000 [Z:0 C:0]
[02FA] LD (0xE8F2), A                 | A:00 B:00 F:00000000 [Z:0 C:0]
[02FD] LD (0xE8F3), A                 | A:00 B:00 F:00000000 [Z:0 C:0]
[0300] LD (0xE8F4), A                 | A:00 B:00 F:00000000 [Z:0 C:0]
[0303] LD (0xE8F5), A                 | A:00 B:00 F:00000000 [Z:0 C:0]
[0306] LD (0xE8F6), A                 | A:00 B:00 F:00000000 [Z:0 C:0]
[0309] LD (0xE8F7), A                 | A:00 B:00 F:00000000 [Z:0 C:0]
[030C] LD A, 0x00                     | A:00 B:00 F:00000000 [Z:0 C:0]
[030E] LD (0xF0F0), A                 | A:00 B:00 F:00000000 [Z:0 C:0]
[0311] LD (0xF0F1), A                 | A:00 B:00 F:00000000 [Z:0 C:0]
[0314] LD (0xF0F2), A                 | A:00 B:00 F:00000000 [Z:0 C:0]
[0317] LD (0xF0F3), A                 | A:00 B:00 F:00000000 [Z:0 C:0]
[031A] LD (0xF0F4), A                 | A:00 B:00 F:00000000 [Z:0 C:0]
[031D] LD (0xF0F5), A                 | A:00 B:00 F:00000000 [Z:0 C:0]
[0320] LD (0xF0F6), A                 | A:00 B:00 F:00000000 [Z:0 C:0]
[0323] LD (0xF0F7), A                 | A:00 B:00 F:00000000 [Z:0 C:0]
[0326] LD A, 0x00                     | A:00 B:00 F:00000000 [Z:0 C:0]
[0328] LD (0xF8F0), A                 | A:00 B:00 F:00000000 [Z:0 C:0]
[032B] LD (0xF8F1), A                 | A:00 B:00 F:00000000 [Z:0 C:0]
[032E] LD (0xF8F2), A                 | A:00 B:00 F:00000000 [Z:0 C:0]
[0331] LD (0xF8F3), A                 | A:00 B:00 F:00000000 [Z:0 C:0]
[0334] LD (0xF8F4), A                 | A:00 B:00 F:00000000 [Z:0 C:0]
[0337] LD (0xF8F5), A                 | A:00 B:00 F:00000000 [Z:0 C:0]
[033A] LD (0xF8F6), A                 | A:00 B:00 F:00000000 [Z:0 C:0]
[033D] LD (0xF8F7), A                 | A:00 B:00 F:00000000 [Z:0 C:0]
[0340] LD A, 0x00                     | A:00 B:00 F:00000000 [Z:0 C:0]
[0342] LD (0xC140), A                 | A:00 B:00 F:00000000 [Z:0 C:0]
[0345] LD (0xC141), A                 | A:00 B:00 F:00000000 [Z:0 C:0]
[0348] LD (0xC142), A                 | A:00 B:00 F:00000000 [Z:0 C:0]
[034B] LD (0xC143), A                 | A:00 B:00 F:00000000 [Z:0 C:0]
[034E] LD (0xC144), A                 | A:00 B:00 F:00000000 [Z:0 C:0]
[0351] LD (0xC145), A                 | A:00 B:00 F:00000000 [Z:0 C:0]
[0354] LD (0xC146), A                 | A:00 B:00 F:00000000 [Z:0 C:0]
[0357] LD (0xC147), A                 | A:00 B:00 F:00000000 [Z:0 C:0]
[035A] LD A, 0x00                     | A:00 B:00 F:00000000 [Z:0 C:0]
[035C] LD (0xC940), A                 | A:00 B:00 F:00000000 [Z:0 C:0]
[035F] LD (0xC941), A                 | A:00 B:00 F:00000000 [Z:0 C:0]
[0362] LD (0xC942), A                 | A:00 B:00 F:00000000 [Z:0 C:0]
[0365] LD (0xC943), A                 | A:00 B:00 F:00000000 [Z:0 C:0]
[0368] LD (0xC944), A                 | A:00 B:00 F:00000000 [Z:0 C:0]
[036B] LD (0xC945), A                 | A:00 B:00 F:00000000 [Z:0 C:0]
[036E] LD (0xC946), A                 | A:00 B:00 F:00000000 [Z:0 C:0]
[0371] LD (0xC947), A                 | A:00 B:00 F:00000000 [Z:0 C:0]
[0374] LD A, 0x00                     | A:00 B:00 F:00000000 [Z:0 C:0]
[0376] LD (0xD140), A                 | A:00 B:00 F:00000000 [Z:0 C:0]
[0379] LD (0xD141), A                 | A:00 B:00 F:00000000 [Z:0 C:0]
[037C] LD (0xD142), A                 | A:00 B:00 F:00000000 [Z:0 C:0]
[037F] LD (0xD143), A                 | A:00 B:00 F:00000000 [Z:0 C:0]
[0382] LD (0xD144), A                 | A:00 B:00 F:00000000 [Z:0 C:0]
[0385] LD (0xD145), A                 | A:00 B:00 F:00000000 [Z:0 C:0]
[0388] LD (0xD146), A                 | A:00 B:00 F:00000000 [Z:0 C:0]
[038B] LD (0xD147), A                 | A:00 B:00 F:00000000 [Z:0 C:0]
[038E] LD A, 0x00                     | A:00 B:00 F:00000000 [Z:0 C:0]
[0390] LD (0xD940), A                 | A:00 B:00 F:00000000 [Z:0 C:0]
[0393] LD (0xD941), A                 | A:00 B:00 F:00000000 [Z:0 C:0]
[0396] LD (0xD942), A                 | A:00 B:00 F:00000000 [Z:0 C:0]
[0399] LD (0xD943), A                 | A:00 B:00 F:00000000 [Z:0 C:0]
[039C] LD (0xD944), A                 | A:00 B:00 F:00000000 [Z:0 C:0]
[039F] LD (0xD945), A                 | A:00 B:00 F:00000000 [Z:0 C:0]
[03A2] LD (0xD946), A                 | A:00 B:00 F:00000000 [Z:0 C:0]
[03A5] LD (0xD947), A                 | A:00 B:00 F:00000000 [Z:0 C:0]
[03A8] LD A, 0x00                     | A:00 B:00 F:00000000 [Z:0 C:0]
[03AA] LD (0xE140), A                 | A:00 B:00 F:00000000 [Z:0 C:0]
[03AD] LD (0xE141), A                 | A:00 B:00 F:00000000 [Z:0 C:0]
[03B0] LD (0xE142), A                 | A:00 B:00 F:00000000 [Z:0 C:0]
[03B3] LD (0xE143), A                 | A:00 B:00 F:00000000 [Z:0 C:0]
[03B6] LD (0xE144), A                 | A:00 B:00 F:00000000 [Z:0 C:0]
[03B9] LD (0xE145), A                 | A:00 B:00 F:00000000 [Z:0 C:0]
[03BC] LD (0xE146), A                 | A:00 B:00 F:00000000 [Z:0 C:0]
[03BF] LD (0xE147), A                 | A:00 B:00 F:00000000 [Z:0 C:0]
[03C2] LD A, 0x00                     | A:00 B:00 F:00000000 [Z:0 C:0]
[03C4] LD (0xE940), A                 | A:00 B:00 F:00000000 [Z:0 C:0]
[03C7] LD (0xE941), A                 | A:00 B:00 F:00000000 [Z:0 C:0]
[03CA] LD (0xE942), A                 | A:00 B:00 F:00000000 [Z:0 C:0]
[03CD] LD (0xE943), A                 | A:00 B:00 F:00000000 [Z:0 C:0]
[03D0] LD (0xE944), A                 | A:00 B:00 F:00000000 [Z:0 C:0]
[03D3] LD (0xE945), A                 | A:00 B:00 F:00000000 [Z:0 C:0]
[03D6] LD (0xE946), A                 | A:00 B:00 F:00000000 [Z:0 C:0]
[03D9] LD (0xE947), A                 | A:00 B:00 F:00000000 [Z:0 C:0]
[03DC] LD A, 0x00                     | A:00 B:00 F:00000000 [Z:0 C:0]
[03DE] LD (0xF140), A                 | A:00 B:00 F:00000000 [Z:0 C:0]
[03E1] LD (0xF141), A                 | A:00 B:00 F:00000000 [Z:0 C:0]
[03E4] LD (0xF142), A                 | A:00 B:00 F:00000000 [Z:0 C:0]
[03E7] LD (0xF143), A                 | A:00 B:00 F:00000000 [Z:0 C:0]
[03EA] LD (0xF144), A                 | A:00 B:00 F:00000000 [Z:0 C:0]
[03ED] LD (0xF145), A                 | A:00 B:00 F:00000000 [Z:0 C:0]
[03F0] LD (0xF146), A                 | A:00 B:00 F:00000000 [Z:0 C:0]
[03F3] LD (0xF147), A                 | A:00 B:00 F:00000000 [Z:0 C:0]
[03F6] LD A, 0x00                     | A:00 B:00 F:00000000 [Z:0 C:0]
[03F8] LD (0xF940), A                 | A:00 B:00 F:00000000 [Z:0 C:0]
[03FB] LD (0xF941), A                 | A:00 B:00 F:00000000 [Z:0 C:0]
[03FE] LD (0xF942), A                 | A:00 B:00 F:00000000 [Z:0 C:0]
[0401] LD (0xF943), A                 | A:00 B:00 F:00000000 [Z:0 C:0]
[0404] LD (0xF944), A                 | A:00 B:00 F:00000000 [Z:0 C:0]
[0407] LD (0xF945), A                 | A:00 B:00 F:00000000 [Z:0 C:0]
[040A] LD (0xF946), A                 | A:00 B:00 F:00000000 [Z:0 C:0]
[040D] LD (0xF947), A                 | A:00 B:00 F:00000000 [Z:0 C:0]
[0410] LD A, 0x00                     | A:00 B:00 F:00000000 [Z:0 C:0]
[0412] LD (0xC190), A                 | A:00 B:00 F:00000000 [Z:0 C:0]
[0415] LD (0xC191), A                 | A:00 B:00 F:00000000 [Z:0 C:0]
[0418] LD (0xC192), A                 | A:00 B:00 F:00000000 [Z:0 C:0]
[041B] LD (0xC193), A                 | A:00 B:00 F:00000000 [Z:0 C:0]
[041E] LD (0xC194), A                 | A:00 B:00 F:00000000 [Z:0 C:0]
[0421] LD (0xC195), A                 | A:00 B:00 F:00000000 [Z:0 C:0]
[0424] LD (0xC196), A                 | A:00 B:00 F:00000000 [Z:0 C:0]
[0427] LD (0xC197), A                 | A:00 B:00 F:00000000 [Z:0 C:0]
[042A] LD A, 0x00                     | A:00 B:00 F:00000000 [Z:0 C:0]
[042C] LD (0xC990), A                 | A:00 B:00 F:00000000 [Z:0 C:0]
[042F] LD (0xC991), A                 | A:00 B:00 F:00000000 [Z:0 C:0]
[0432] LD (0xC992), A                 | A:00 B:00 F:00000000 [Z:0 C:0]
[0435] LD (0xC993), A                 | A:00 B:00 F:00000000 [Z:0 C:0]
[0438] LD (0xC994), A                 | A:00 B:00 F:00000000 [Z:0 C:0]
[043B] LD (0xC995), A                 | A:00 B:00 F:00000000 [Z:0 C:0]
[043E] LD (0xC996), A                 | A:00 B:00 F:00000000 [Z:0 C:0]
[0441] LD (0xC997), A                 | A:00 B:00 F:00000000 [Z:0 C:0]
[0444] LD A, 0x00                     | A:00 B:00 F:00000000 [Z:0 C:0]
[0446] LD (0xD190), A                 | A:00 B:00 F:00000000 [Z:0 C:0]
[0449] LD (0xD191), A                 | A:00 B:00 F:00000000 [Z:0 C:0]
[044C] LD (0xD192), A                 | A:00 B:00 F:00000000 [Z:0 C:0]
[044F] LD (0xD193), A                 | A:00 B:00 F:00000000 [Z:0 C:0]
[0452] LD (0xD194), A                 | A:00 B:00 F:00000000 [Z:0 C:0]
[0455] LD (0xD195), A                 | A:00 B:00 F:00000000 [Z:0 C:0]
[0458] LD (0xD196), A                 | A:00 B:00 F:00000000 [Z:0 C:0]
[045B] LD (0xD197), A                 | A:00 B:00 F:00000000 [Z:0 C:0]
[045E] LD A, 0x00                     | A:00 B:00 F:00000000 [Z:0 C:0]
[0460] LD (0xD990), A                 | A:00 B:00 F:00000000 [Z:0 C:0]
[0463] LD (0xD991), A                 | A:00 B:00 F:00000000 [Z:0 C:0]
[0466] LD (0xD992), A                 | A:00 B:00 F:00000000 [Z:0 C:0]
[0469] LD (0xD993), A                 | A:00 B:00 F:00000000 [Z:0 C:0]
[046C] LD (0xD994), A                 | A:00 B:00 F:00000000 [Z:0 C:0]
[046F] LD (0xD995), A                 | A:00 B:00 F:00000000 [Z:0 C:0]
[0472] LD (0xD996), A                 | A:00 B:00 F:00000000 [Z:0 C:0]
[0475] LD (0xD997), A                 | A:00 B:00 F:00000000 [Z:0 C:0]
[0478] LD A, 0x00                     | A:00 B:00 F:00000000 [Z:0 C:0]
[047A] LD (0xE190), A                 | A:00 B:00 F:00000000 [Z:0 C:0]
[047D] LD (0xE191), A                 | A:00 B:00 F:00000000 [Z:0 C:0]
[0480] LD (0xE192), A                 | A:00 B:00 F:00000000 [Z:0 C:0]
[0483] LD (0xE193), A                 | A:00 B:00 F:00000000 [Z:0 C:0]
[0486] LD (0xE194), A                 | A:00 B:00 F:00000000 [Z:0 C:0]
[0489] LD (0xE195), A                 | A:00 B:00 F:00000000 [Z:0 C:0]
[048C] LD (0xE196), A                 | A:00 B:00 F:00000000 [Z:0 C:0]
[048F] LD (0xE197), A                 | A:00 B:00 F:00000000 [Z:0 C:0]
[0492] LD A, 0x00                     | A:00 B:00 F:00000000 [Z:0 C:0]
[0494] LD (0xE990), A                 | A:00 B:00 F:00000000 [Z:0 C:0]
[0497] LD (0xE991), A                 | A:00 B:00 F:00000000 [Z:0 C:0]
[049A] LD (0xE992), A                 | A:00 B:00 F:00000000 [Z:0 C:0]
[049D] LD (0xE993), A                 | A:00 B:00 F:00000000 [Z:0 C:0]
[04A0] LD (0xE994), A                 | A:00 B:00 F:00000000 [Z:0 C:0]
[04A3] LD (0xE995), A                 | A:00 B:00 F:00000000 [Z:0 C:0]
[04A6] LD (0xE996), A                 | A:00 B:00 F:00000000 [Z:0 C:0]
[04A9] LD (0xE997), A                 | A:00 B:00 F:00000000 [Z:0 C:0]
[04AC] LD A, 0x00                     | A:00 B:00 F:00000000 [Z:0 C:0]
[04AE] LD (0xF190), A                 | A:00 B:00 F:00000000 [Z:0 C:0]
[04B1] LD (0xF191), A                 | A:00 B:00 F:00000000 [Z:0 C:0]
[04B4] LD (0xF192), A                 | A:00 B:00 F:00000000 [Z:0 C:0]
[04B7] LD (0xF193), A                 | A:00 B:00 F:00000000 [Z:0 C:0]
[04BA] LD (0xF194), A                 | A:00 B:00 F:00000000 [Z:0 C:0]
[04BD] LD (0xF195), A                 | A:00 B:00 F:00000000 [Z:0 C:0]
[04C0] LD (0xF196), A                 | A:00 B:00 F:00000000 [Z:0 C:0]
[04C3] LD (0xF197), A                 | A:00 B:00 F:00000000 [Z:0 C:0]
[04C6] LD A, 0x00                     | A:00 B:00 F:00000000 [Z:0 C:0]
[04C8] LD (0xF990), A                 | A:00 B:00 F:00000000 [Z:0 C:0]
[04CB] LD (0xF991), A                 | A:00 B:00 F:00000000 [Z:0 C:0]
[04CE] LD (0xF992), A                 | A:00 B:00 F:00000000 [Z:0 C:0]
[04D1] LD (0xF993), A                 | A:00 B:00 F:00000000 [Z:0 C:0]
[04D4] LD (0xF994), A                 | A:00 B:00 F:00000000 [Z:0 C:0]
[04D7] LD (0xF995), A                 | A:00 B:00 F:00000000 [Z:0 C:0]
[04DA] LD (0xF996), A                 | A:00 B:00 F:00000000 [Z:0 C:0]
[04DD] LD (0xF997), A                 | A:00 B:00 F:00000000 [Z:0 C:0]
[04E0] LD A, 0x00                     | A:00 B:00 F:00000000 [Z:0 C:0]
[04E2] LD (0xC1E0), A                 | A:00 B:00 F:00000000 [Z:0 C:0]
[04E5] LD (0xC1E1), A                 | A:00 B:00 F:00000000 [Z:0 C:0]
[04E8] LD (0xC1E2), A                 | A:00 B:00 F:00000000 [Z:0 C:0]
[04EB] LD (0xC1E3), A                 | A:00 B:00 F:00000000 [Z:0 C:0]
[04EE] LD (0xC1E4), A                 | A:00 B:00 F:00000000 [Z:0 C:0]
[04F1] LD (0xC1E5), A                 | A:00 B:00 F:00000000 [Z:0 C:0]
[04F4] LD (0xC1E6), A                 | A:00 B:00 F:00000000 [Z:0 C:0]
[04F7] LD (0xC1E7), A                 | A:00 B:00 F:00000000 [Z:0 C:0]
[04FA] LD A, 0x00                     | A:00 B:00 F:00000000 [Z:0 C:0]
[04FC] LD (0xC9E0), A                 | A:00 B:00 F:00000000 [Z:0 C:0]
[04FF] LD (0xC9E1), A                 | A:00 B:00 F:00000000 [Z:0 C:0]
[0502] LD (0xC9E2), A                 | A:00 B:00 F:00000000 [Z:0 C:0]
[0505] LD (0xC9E3), A                 | A:00 B:00 F:00000000 [Z:0 C:0]
[0508] LD (0xC9E4), A                 | A:00 B:00 F:00000000 [Z:0 C:0]
[050B] LD (0xC9E5), A                 | A:00 B:00 F:00000000 [Z:0 C:0]
[050E] LD (0xC9E6), A                 | A:00 B:00 F:00000000 [Z:0 C:0]
[0511] LD (0xC9E7), A                 | A:00 B:00 F:00000000 [Z:0 C:0]
[0514] LD A, 0x0F                     | A:0F B:00 F:00000000 [Z:0 C:0]
[0516] LD (0xD1E0), A                 | A:0F B:00 F:00000000 [Z:0 C:0]
[0519] LD (0xD1E1), A                 | A:0F B:00 F:00000000 [Z:0 C:0]
[051C] LD (0xD1E2), A                 | A:0F B:00 F:00000000 [Z:0 C:0]
[051F] LD (0xD1E3), A                 | A:0F B:00 F:00000000 [Z:0 C:0]
[0522] LD (0xD1E4), A                 | A:0F B:00 F:00000000 [Z:0 C:0]
[0525] LD (0xD1E5), A                 | A:0F B:00 F:00000000 [Z:0 C:0]
[0528] LD (0xD1E6), A                 | A:0F B:00 F:00000000 [Z:0 C:0]
[052B] LD (0xD1E7), A                 | A:0F B:00 F:00000000 [Z:0 C:0]
[052E] LD A, 0x0F                     | A:0F B:00 F:00000000 [Z:0 C:0]
[0530] LD (0xD9E0), A                 | A:0F B:00 F:00000000 [Z:0 C:0]
[0533] LD (0xD9E1), A                 | A:0F B:00 F:00000000 [Z:0 C:0]
[0536] LD (0xD9E2), A                 | A:0F B:00 F:00000000 [Z:0 C:0]
[0539] LD (0xD9E3), A                 | A:0F B:00 F:00000000 [Z:0 C:0]
[053C] LD (0xD9E4), A                 | A:0F B:00 F:00000000 [Z:0 C:0]
[053F] LD (0xD9E5), A                 | A:0F B:00 F:00000000 [Z:0 C:0]
[0542] LD (0xD9E6), A                 | A:0F B:00 F:00000000 [Z:0 C:0]
[0545] LD (0xD9E7), A                 | A:0F B:00 F:00000000 [Z:0 C:0]
[0548] LD A, 0x0F                     | A:0F B:00 F:00000000 [Z:0 C:0]
[054A] LD (0xE1E0), A                 | A:0F B:00 F:00000000 [Z:0 C:0]
[054D] LD (0xE1E1), A                 | A:0F B:00 F:00000000 [Z:0 C:0]
[0550] LD (0xE1E2), A                 | A:0F B:00 F:00000000 [Z:0 C:0]
[0553] LD (0xE1E3), A                 | A:0F B:00 F:00000000 [Z:0 C:0]
[0556] LD (0xE1E4), A                 | A:0F B:00 F:00000000 [Z:0 C:0]
[0559] LD (0xE1E5), A                 | A:0F B:00 F:00000000 [Z:0 C:0]
[055C] LD (0xE1E6), A                 | A:0F B:00 F:00000000 [Z:0 C:0]
[055F] LD (0xE1E7), A                 | A:0F B:00 F:00000000 [Z:0 C:0]
[0562] LD A, 0x0F                     | A:0F B:00 F:00000000 [Z:0 C:0]
[0564] LD (0xE9E0), A                 | A:0F B:00 F:00000000 [Z:0 C:0]
[0567] LD (0xE9E1), A                 | A:0F B:00 F:00000000 [Z:0 C:0]
[056A] LD (0xE9E2), A                 | A:0F B:00 F:00000000 [Z:0 C:0]
[056D] LD (0xE9E3), A                 | A:0F B:00 F:00000000 [Z:0 C:0]
[0570] LD (0xE9E4), A                 | A:0F B:00 F:00000000 [Z:0 C:0]
[0573] LD (0xE9E5), A                 | A:0F B:00 F:00000000 [Z:0 C:0]
[0576] LD (0xE9E6), A                 | A:0F B:00 F:00000000 [Z:0 C:0]
[0579] LD (0xE9E7), A                 | A:0F B:00 F:00000000 [Z:0 C:0]
[057C] LD A, 0x0F                     | A:0F B:00 F:00000000 [Z:0 C:0]
[057E] LD (0xF1E0), A                 | A:0F B:00 F:00000000 [Z:0 C:0]
[0581] LD (0xF1E1), A                 | A:0F B:00 F:00000000 [Z:0 C:0]
[0584] LD (0xF1E2), A                 | A:0F B:00 F:00000000 [Z:0 C:0]
[0587] LD (0xF1E3), A                 | A:0F B:00 F:00000000 [Z:0 C:0]
[058A] LD (0xF1E4), A                 | A:0F B:00 F:00000000 [Z:0 C:0]
[058D] LD (0xF1E5), A                 | A:0F B:00 F:00000000 [Z:0 C:0]
[0590] LD (0xF1E6), A                 | A:0F B:00 F:00000000 [Z:0 C:0]
[0593] LD (0xF1E7), A                 | A:0F B:00 F:00000000 [Z:0 C:0]
[0596] LD A, 0x0F                     | A:0F B:00 F:00000000 [Z:0 C:0]
[0598] LD (0xF9E0), A                 | A:0F B:00 F:00000000 [Z:0 C:0]
[059B] LD (0xF9E1), A                 | A:0F B:00 F:00000000 [Z:0 C:0]
[059E] LD (0xF9E2), A                 | A:0F B:00 F:00000000 [Z:0 C:0]
[05A1] LD (0xF9E3), A                 | A:0F B:00 F:00000000 [Z:0 C:0]
[05A4] LD (0xF9E4), A                 | A:0F B:00 F:00000000 [Z:0 C:0]
[05A7] LD (0xF9E5), A                 | A:0F B:00 F:00000000 [Z:0 C:0]
[05AA] LD (0xF9E6), A                 | A:0F B:00 F:00000000 [Z:0 C:0]
[05AD] LD (0xF9E7), A                 | A:0F B:00 F:00000000 [Z:0 C:0]
[05B0] LD A, 0x0F                     | A:0F B:00 F:00000000 [Z:0 C:0]
[05B2] LD (0xC230), A                 | A:0F B:00 F:00000000 [Z:0 C:0]
[05B5] LD (0xC231), A                 | A:0F B:00 F:00000000 [Z:0 C:0]
[05B8] LD (0xC232), A                 | A:0F B:00 F:00000000 [Z:0 C:0]
[05BB] LD (0xC233), A                 | A:0F B:00 F:00000000 [Z:0 C:0]
[05BE] LD (0xC234), A                 | A:0F B:00 F:00000000 [Z:0 C:0]
[05C1] LD (0xC235), A                 | A:0F B:00 F:00000000 [Z:0 C:0]
[05C4] LD (0xC236), A                 | A:0F B:00 F:00000000 [Z:0 C:0]
[05C7] LD (0xC237), A                 | A:0F B:00 F:00000000 [Z:0 C:0]
[05CA] LD A, 0x0F                     | A:0F B:00 F:00000000 [Z:0 C:0]
[05CC] LD (0xCA30), A                 | A:0F B:00 F:00000000 [Z:0 C:0]
[05CF] LD (0xCA31), A                 | A:0F B:00 F:00000000 [Z:0 C:0]
[05D2] LD (0xCA32), A                 | A:0F B:00 F:00000000 [Z:0 C:0]
[05D5] LD (0xCA33), A                 | A:0F B:00 F:00000000 [Z:0 C:0]
[05D8] LD (0xCA34), A                 | A:0F B:00 F:00000000 [Z:0 C:0]
[05DB] LD (0xCA35), A                 | A:0F B:00 F:00000000 [Z:0 C:0]
[05DE] LD (0xCA36), A                 | A:0F B:00 F:00000000 [Z:0 C:0]
[05E1] LD (0xCA37), A                 | A:0F B:00 F:00000000 [Z:0 C:0]
[05E4] LD A, 0x0F                     | A:0F B:00 F:00000000 [Z:0 C:0]
[05E6] LD (0xD230), A                 | A:0F B:00 F:00000000 [Z:0 C:0]
[05E9] LD (0xD231), A                 | A:0F B:00 F:00000000 [Z:0 C:0]
[05EC] LD (0xD232), A                 | A:0F B:00 F:00000000 [Z:0 C:0]
[05EF] LD (0xD233), A                 | A:0F B:00 F:00000000 [Z:0 C:0]
[05F2] LD (0xD234), A                 | A:0F B:00 F:00000000 [Z:0 C:0]
[05F5] LD (0xD235), A                 | A:0F B:00 F:00000000 [Z:0 C:0]
[05F8] LD (0xD236), A                 | A:0F B:00 F:00000000 [Z:0 C:0]
[05FB] LD (0xD237), A                 | A:0F B:00 F:00000000 [Z:0 C:0]
[05FE] LD A, 0x0F                     | A:0F B:00 F:00000000 [Z:0 C:0]
[0600] LD (0xDA30), A                 | A:0F B:00 F:00000000 [Z:0 C:0]
[0603] LD (0xDA31), A                 | A:0F B:00 F:00000000 [Z:0 C:0]
[0606] LD (0xDA32), A                 | A:0F B:00 F:00000000 [Z:0 C:0]
[0609] LD (0xDA33), A                 | A:0F B:00 F:00000000 [Z:0 C:0]
[060C] LD (0xDA34), A                 | A:0F B:00 F:00000000 [Z:0 C:0]
[060F] LD (0xDA35), A                 | A:0F B:00 F:00000000 [Z:0 C:0]
[0612] LD (0xDA36), A                 | A:0F B:00 F:00000000 [Z:0 C:0]
[0615] LD (0xDA37), A                 | A:0F B:00 F:00000000 [Z:0 C:0]
[0618] LD A, 0x0F                     | A:0F B:00 F:00000000 [Z:0 C:0]
[061A] LD (0xE230), A                 | A:0F B:00 F:00000000 [Z:0 C:0]
[061D] LD (0xE231), A                 | A:0F B:00 F:00000000 [Z:0 C:0]
[0620] LD (0xE232), A                 | A:0F B:00 F:00000000 [Z:0 C:0]
[0623] LD (0xE233), A                 | A:0F B:00 F:00000000 [Z:0 C:0]
[0626] LD (0xE234), A                 | A:0F B:00 F:00000000 [Z:0 C:0]
[0629] LD (0xE235), A                 | A:0F B:00 F:00000000 [Z:0 C:0]
[062C] LD (0xE236), A                 | A:0F B:00 F:00000000 [Z:0 C:0]
[062F] LD (0xE237), A                 | A:0F B:00 F:00000000 [Z:0 C:0]
[0632] LD A, 0x0F                     | A:0F B:00 F:00000000 [Z:0 C:0]
[0634] LD (0xEA30), A                 | A:0F B:00 F:00000000 [Z:0 C:0]
[0637] LD (0xEA31), A                 | A:0F B:00 F:00000000 [Z:0 C:0]
[063A] LD (0xEA32), A                 | A:0F B:00 F:00000000 [Z:0 C:0]
[063D] LD (0xEA33), A                 | A:0F B:00 F:00000000 [Z:0 C:0]
[0640] LD (0xEA34), A                 | A:0F B:00 F:00000000 [Z:0 C:0]
[0643] LD (0xEA35), A                 | A:0F B:00 F:00000000 [Z:0 C:0]
[0646] LD (0xEA36), A                 | A:0F B:00 F:00000000 [Z:0 C:0]
[0649] LD (0xEA37), A                 | A:0F B:00 F:00000000 [Z:0 C:0]
[064C] LD A, 0x0F                     | A:0F B:00 F:00000000 [Z:0 C:0]
[064E] LD (0xF230), A                 | A:0F B:00 F:00000000 [Z:0 C:0]
[0651] LD (0xF231), A                 | A:0F B:00 F:00000000 [Z:0 C:0]
[0654] LD (0xF232), A                 | A:0F B:00 F:00000000 [Z:0 C:0]
[0657] LD (0xF233), A                 | A:0F B:00 F:00000000 [Z:0 C:0]
[065A] LD (0xF234), A                 | A:0F B:00 F:00000000 [Z:0 C:0]
[065D] LD (0xF235), A                 | A:0F B:00 F:00000000 [Z:0 C:0]
[0660] LD (0xF236), A                 | A:0F B:00 F:00000000 [Z:0 C:0]
[0663] LD (0xF237), A                 | A:0F B:00 F:00000000 [Z:0 C:0]
[0666] LD A, 0x0F                     | A:0F B:00 F:00000000 [Z:0 C:0]
[0668] LD (0xFA30), A                 | A:0F B:00 F:00000000 [Z:0 C:0]
[066B] LD (0xFA31), A                 | A:0F B:00 F:00000000 [Z:0 C:0]
[066E] LD (0xFA32), A                 | A:0F B:00 F:00000000 [Z:0 C:0]
[0671] LD (0xFA33), A                 | A:0F B:00 F:00000000 [Z:0 C:0]
[0674] LD (0xFA34), A                 | A:0F B:00 F:00000000 [Z:0 C:0]
[0677] LD (0xFA35), A                 | A:0F B:00 F:00000000 [Z:0 C:0]
[067A] LD (0xFA36), A                 | A:0F B:00 F:00000000 [Z:0 C:0]
[067D] LD (0xFA37), A                 | A:0F B:00 F:00000000 [Z:0 C:0]
[0680] LD A, 0x0F                     | A:0F B:00 F:00000000 [Z:0 C:0]
[0682] LD (0xC280), A                 | A:0F B:00 F:00000000 [Z:0 C:0]
[0685] LD (0xC281), A                 | A:0F B:00 F:00000000 [Z:0 C:0]
[0688] LD (0xC282), A                 | A:0F B:00 F:00000000 [Z:0 C:0]
[068B] LD (0xC283), A                 | A:0F B:00 F:00000000 [Z:0 C:0]
[068E] LD (0xC284), A                 | A:0F B:00 F:00000000 [Z:0 C:0]
[0691] LD (0xC285), A                 | A:0F B:00 F:00000000 [Z:0 C:0]
[0694] LD (0xC286), A                 | A:0F B:00 F:00000000 [Z:0 C:0]
[0697] LD (0xC287), A                 | A:0F B:00 F:00000000 [Z:0 C:0]
[069A] LD A, 0x0F                     | A:0F B:00 F:00000000 [Z:0 C:0]
[069C] LD (0xCA80), A                 | A:0F B:00 F:00000000 [Z:0 C:0]
[069F] LD (0xCA81), A                 | A:0F B:00 F:00000000 [Z:0 C:0]
[06A2] LD (0xCA82), A                 | A:0F B:00 F:00000000 [Z:0 C:0]
[06A5] LD (0xCA83), A                 | A:0F B:00 F:00000000 [Z:0 C:0]
[06A8] LD (0xCA84), A                 | A:0F B:00 F:00000000 [Z:0 C:0]
[06AB] LD (0xCA85), A                 | A:0F B:00 F:00000000 [Z:0 C:0]
[06AE] LD (0xCA86), A                 | A:0F B:00 F:00000000 [Z:0 C:0]
[06B1] LD (0xCA87), A                 | A:0F B:00 F:00000000 [Z:0 C:0]
[06B4] LD A, 0x0F                     | A:0F B:00 F:00000000 [Z:0 C:0]
[06B6] LD (0xD280), A                 | A:0F B:00 F:00000000 [Z:0 C:0]
[06B9] LD (0xD281), A                 | A:0F B:00 F:00000000 [Z:0 C:0]
[06BC] LD (0xD282), A                 | A:0F B:00 F:00000000 [Z:0 C:0]
[06BF] LD (0xD283), A                 | A:0F B:00 F:00000000 [Z:0 C:0]
[06C2] LD (0xD284), A                 | A:0F B:00 F:00000000 [Z:0 C:0]
[06C5] LD (0xD285), A                 | A:0F B:00 F:00000000 [Z:0 C:0]
[06C8] LD (0xD286), A                 | A:0F B:00 F:00000000 [Z:0 C:0]
[06CB] LD (0xD287), A                 | A:0F B:00 F:00000000 [Z:0 C:0]
[06CE] LD A, 0x0F                     | A:0F B:00 F:00000000 [Z:0 C:0]
[06D0] LD (0xDA80), A                 | A:0F B:00 F:00000000 [Z:0 C:0]
[06D3] LD (0xDA81), A                 | A:0F B:00 F:00000000 [Z:0 C:0]
[06D6] LD (0xDA82), A                 | A:0F B:00 F:00000000 [Z:0 C:0]
[06D9] LD (0xDA83), A                 | A:0F B:00 F:00000000 [Z:0 C:0]
[06DC] LD (0xDA84), A                 | A:0F B:00 F:00000000 [Z:0 C:0]
[06DF] LD (0xDA85), A                 | A:0F B:00 F:00000000 [Z:0 C:0]
[06E2] LD (0xDA86), A                 | A:0F B:00 F:00000000 [Z:0 C:0]
[06E5] LD (0xDA87), A                 | A:0F B:00 F:00000000 [Z:0 C:0]
[06E8] LD A, 0x0F                     | A:0F B:00 F:00000000 [Z:0 C:0]
[06EA] LD (0xE280), A                 | A:0F B:00 F:00000000 [Z:0 C:0]
[06ED] LD (0xE281), A                 | A:0F B:00 F:00000000 [Z:0 C:0]
[06F0] LD (0xE282), A                 | A:0F B:00 F:00000000 [Z:0 C:0]
[06F3] LD (0xE283), A                 | A:0F B:00 F:00000000 [Z:0 C:0]
[06F6] LD (0xE284), A                 | A:0F B:00 F:00000000 [Z:0 C:0]
[06F9] LD (0xE285), A                 | A:0F B:00 F:00000000 [Z:0 C:0]
[06FC] LD (0xE286), A                 | A:0F B:00 F:00000000 [Z:0 C:0]
[06FF] LD (0xE287), A                 | A:0F B:00 F:00000000 [Z:0 C:0]
[0702] LD A, 0x0F                     | A:0F B:00 F:00000000 [Z:0 C:0]
[0704] LD (0xEA80), A                 | A:0F B:00 F:00000000 [Z:0 C:0]
[0707] LD (0xEA81), A                 | A:0F B:00 F:00000000 [Z:0 C:0]
[070A] LD (0xEA82), A                 | A:0F B:00 F:00000000 [Z:0 C:0]
[070D] LD (0xEA83), A                 | A:0F B:00 F:00000000 [Z:0 C:0]
[0710] LD (0xEA84), A                 | A:0F B:00 F:00000000 [Z:0 C:0]
[0713] LD (0xEA85), A                 | A:0F B:00 F:00000000 [Z:0 C:0]
[0716] LD (0xEA86), A                 | A:0F B:00 F:00000000 [Z:0 C:0]
[0719] LD (0xEA87), A                 | A:0F B:00 F:00000000 [Z:0 C:0]
[071C] LD A, 0x0F                     | A:0F B:00 F:00000000 [Z:0 C:0]
[071E] LD (0xF280), A                 | A:0F B:00 F:00000000 [Z:0 C:0]
[0721] LD (0xF281), A                 | A:0F B:00 F:00000000 [Z:0 C:0]
[0724] LD (0xF282), A                 | A:0F B:00 F:00000000 [Z:0 C:0]
[0727] LD (0xF283), A                 | A:0F B:00 F:00000000 [Z:0 C:0]
[072A] LD (0xF284), A                 | A:0F B:00 F:00000000 [Z:0 C:0]
[072D] LD (0xF285), A                 | A:0F B:00 F:00000000 [Z:0 C:0]
[0730] LD (0xF286), A                 | A:0F B:00 F:00000000 [Z:0 C:0]
[0733] LD (0xF287), A                 | A:0F B:00 F:00000000 [Z:0 C:0]
[0736] LD A, 0x0F                     | A:0F B:00 F:00000000 [Z:0 C:0]
[0738] LD (0xFA80), A                 | A:0F B:00 F:00000000 [Z:0 C:0]
[073B] LD (0xFA81), A                 | A:0F B:00 F:00000000 [Z:0 C:0]
[073E] LD (0xFA82), A                 | A:0F B:00 F:00000000 [Z:0 C:0]
[0741] LD (0xFA83), A                 | A:0F B:00 F:00000000 [Z:0 C:0]
[0744] LD (0xFA84), A                 | A:0F B:00 F:00000000 [Z:0 C:0]
[0747] LD (0xFA85), A                 | A:0F B:00 F:00000000 [Z:0 C:0]
[074A] LD (0xFA86), A                 | A:0F B:00 F:00000000 [Z:0 C:0]
[074D] LD (0xFA87), A                 | A:0F B:00 F:00000000 [Z:0 C:0]
[0750] LD A, 0x0F                     | A:0F B:00 F:00000000 [Z:0 C:0]
[0752] LD (0xC2D0), A                 | A:0F B:00 F:00000000 [Z:0 C:0]
[0755] LD (0xC2D1), A                 | A:0F B:00 F:00000000 [Z:0 C:0]
[0758] LD (0xC2D2), A                 | A:0F B:00 F:00000000 [Z:0 C:0]
[075B] LD (0xC2D3), A                 | A:0F B:00 F:00000000 [Z:0 C:0]
[075E] LD (0xC2D4), A                 | A:0F B:00 F:00000000 [Z:0 C:0]
[0761] LD (0xC2D5), A                 | A:0F B:00 F:00000000 [Z:0 C:0]
[0764] LD (0xC2D6), A                 | A:0F B:00 F:00000000 [Z:0 C:0]
[0767] LD (0xC2D7), A                 | A:0F B:00 F:00000000 [Z:0 C:0]
[076A] LD A, 0x0F                     | A:0F B:00 F:00000000 [Z:0 C:0]
[076C] LD (0xCAD0), A                 | A:0F B:00 F:00000000 [Z:0 C:0]
[076F] LD (0xCAD1), A                 | A:0F B:00 F:00000000 [Z:0 C:0]
[0772] LD (0xCAD2), A                 | A:0F B:00 F:00000000 [Z:0 C:0]
[0775] LD (0xCAD3), A                 | A:0F B:00 F:00000000 [Z:0 C:0]
[0778] LD (0xCAD4), A                 | A:0F B:00 F:00000000 [Z:0 C:0]
[077B] LD (0xCAD5), A                 | A:0F B:00 F:00000000 [Z:0 C:0]
[077E] LD (0xCAD6), A                 | A:0F B:00 F:00000000 [Z:0 C:0]
[0781] LD (0xCAD7), A                 | A:0F B:00 F:00000000 [Z:0 C:0]
[0784] LD A, 0x0F                     | A:0F B:00 F:00000000 [Z:0 C:0]
[0786] LD (0xD2D0), A                 | A:0F B:00 F:00000000 [Z:0 C:0]
[0789] LD (0xD2D1), A                 | A:0F B:00 F:00000000 [Z:0 C:0]
[078C] LD (0xD2D2), A                 | A:0F B:00 F:00000000 [Z:0 C:0]
[078F] LD (0xD2D3), A                 | A:0F B:00 F:00000000 [Z:0 C:0]
[0792] LD (0xD2D4), A                 | A:0F B:00 F:00000000 [Z:0 C:0]
[0795] LD (0xD2D5), A                 | A:0F B:00 F:00000000 [Z:0 C:0]
[0798] LD (0xD2D6), A                 | A:0F B:00 F:00000000 [Z:0 C:0]
[079B] LD (0xD2D7), A                 | A:0F B:00 F:00000000 [Z:0 C:0]
[079E] LD A, 0x0F                     | A:0F B:00 F:00000000 [Z:0 C:0]
[07A0] LD (0xDAD0), A                 | A:0F B:00 F:00000000 [Z:0 C:0]
[07A3] LD (0xDAD1), A                 | A:0F B:00 F:00000000 [Z:0 C:0]
[07A6] LD (0xDAD2), A                 | A:0F B:00 F:00000000 [Z:0 C:0]
[07A9] LD (0xDAD3), A                 | A:0F B:00 F:00000000 [Z:0 C:0]
[07AC] LD (0xDAD4), A                 | A:0F B:00 F:00000000 [Z:0 C:0]
[07AF] LD (0xDAD5), A                 | A:0F B:00 F:00000000 [Z:0 C:0]
[07B2] LD (0xDAD6), A                 | A:0F B:00 F:00000000 [Z:0 C:0]
[07B5] LD (0xDAD7), A                 | A:0F B:00 F:00000000 [Z:0 C:0]
[07B8] LD A, 0x0F                     | A:0F B:00 F:00000000 [Z:0 C:0]
[07BA] LD (0xE2D0), A                 | A:0F B:00 F:00000000 [Z:0 C:0]
[07BD] LD (0xE2D1), A                 | A:0F B:00 F:00000000 [Z:0 C:0]
[07C0] LD (0xE2D2), A                 | A:0F B:00 F:00000000 [Z:0 C:0]
[07C3] LD (0xE2D3), A                 | A:0F B:00 F:00000000 [Z:0 C:0]
[07C6] LD (0xE2D4), A                 | A:0F B:00 F:00000000 [Z:0 C:0]
[07C9] LD (0xE2D5), A                 | A:0F B:00 F:00000000 [Z:0 C:0]
[07CC] LD (0xE2D6), A                 | A:0F B:00 F:00000000 [Z:0 C:0]
[07CF] LD (0xE2D7), A                 | A:0F B:00 F:00000000 [Z:0 C:0]
[07D2] LD A, 0x0F                     | A:0F B:00 F:00000000 [Z:0 C:0]
[07D4] LD (0xEAD0), A                 | A:0F B:00 F:00000000 [Z:0 C:0]
[07D7] LD (0xEAD1), A                 | A:0F B:00 F:00000000 [Z:0 C:0]
[07DA] LD (0xEAD2), A                 | A:0F B:00 F:00000000 [Z:0 C:0]
[07DD] LD (0xEAD3), A                 | A:0F B:00 F:00000000 [Z:0 C:0]
[07E0] LD (0xEAD4), A                 | A:0F B:00 F:00000000 [Z:0 C:0]
[07E3] LD (0xEAD5), A                 | A:0F B:00 F:00000000 [Z:0 C:0]
[07E6] LD (0xEAD6), A                 | A:0F B:00 F:00000000 [Z:0 C:0]
[07E9] LD (0xEAD7), A                 | A:0F B:00 F:00000000 [Z:0 C:0]
[07EC] LD A, 0x0F                     | A:0F B:00 F:00000000 [Z:0 C:0]
[07EE] LD (0xF2D0), A                 | A:0F B:00 F:00000000 [Z:0 C:0]
[07F1] LD (0xF2D1), A                 | A:0F B:00 F:00000000 [Z:0 C:0]
[07F4] LD (0xF2D2), A                 | A:0F B:00 F:00000000 [Z:0 C:0]
[07F7] LD (0xF2D3), A                 | A:0F B:00 F:00000000 [Z:0 C:0]
[07FA] LD (0xF2D4), A                 | A:0F B:00 F:00000000 [Z:0 C:0]
[07FD] LD (0xF2D5), A                 | A:0F B:00 F:00000000 [Z:0 C:0]
[0800] LD (0xF2D6), A                 | A:0F B:00 F:00000000 [Z:0 C:0]
[0803] LD (0xF2D7), A                 | A:0F B:00 F:00000000 [Z:0 C:0]
[0806] LD A, 0x0F                     | A:0F B:00 F:00000000 [Z:0 C:0]
[0808] LD (0xFAD0), A                 | A:0F B:00 F:00000000 [Z:0 C:0]
[080B] LD (0xFAD1), A                 | A:0F B:00 F:00000000 [Z:0 C:0]
[080E] LD (0xFAD2), A                 | A:0F B:00 F:00000000 [Z:0 C:0]
[0811] LD (0xFAD3), A                 | A:0F B:00 F:00000000 [Z:0 C:0]
[0814] LD (0xFAD4), A                 | A:0F B:00 F:00000000 [Z:0 C:0]
[0817] LD (0xFAD5), A                 | A:0F B:00 F:00000000 [Z:0 C:0]
[081A] LD (0xFAD6), A                 | A:0F B:00 F:00000000 [Z:0 C:0]
[081D] LD (0xFAD7), A                 | A:0F B:00 F:00000000 [Z:0 C:0]
[0820] LD A, 0x0F                     | A:0F B:00 F:00000000 [Z:0 C:0]
[0822] LD (0xC320), A                 | A:0F B:00 F:00000000 [Z:0 C:0]
[0825] LD (0xC321), A                 | A:0F B:00 F:00000000 [Z:0 C:0]
[0828] LD (0xC322), A                 | A:0F B:00 F:00000000 [Z:0 C:0]
[082B] LD (0xC323), A                 | A:0F B:00 F:00000000 [Z:0 C:0]
[082E] LD (0xC324), A                 | A:0F B:00 F:00000000 [Z:0 C:0]
[0831] LD (0xC325), A                 | A:0F B:00 F:00000000 [Z:0 C:0]
[0834] LD (0xC326), A                 | A:0F B:00 F:00000000 [Z:0 C:0]
[0837] LD (0xC327), A                 | A:0F B:00 F:00000000 [Z:0 C:0]
[083A] LD A, 0x0F                     | A:0F B:00 F:00000000 [Z:0 C:0]
[083C] LD (0xCB20), A                 | A:0F B:00 F:00000000 [Z:0 C:0]
[083F] LD (0xCB21), A                 | A:0F B:00 F:00000000 [Z:0 C:0]
[0842] LD (0xCB22), A                 | A:0F B:00 F:00000000 [Z:0 C:0]
[0845] LD (0xCB23), A                 | A:0F B:00 F:00000000 [Z:0 C:0]
[0848] LD (0xCB24), A                 | A:0F B:00 F:00000000 [Z:0 C:0]
[084B] LD (0xCB25), A                 | A:0F B:00 F:00000000 [Z:0 C:0]
[084E] LD (0xCB26), A                 | A:0F B:00 F:00000000 [Z:0 C:0]
[0851] LD (0xCB27), A                 | A:0F B:00 F:00000000 [Z:0 C:0]
[0854] LD A, 0x0F                     | A:0F B:00 F:00000000 [Z:0 C:0]
[0856] LD (0xD320), A                 | A:0F B:00 F:00000000 [Z:0 C:0]
[0859] LD (0xD321), A                 | A:0F B:00 F:00000000 [Z:0 C:0]
[085C] LD (0xD322), A                 | A:0F B:00 F:00000000 [Z:0 C:0]
[085F] LD (0xD323), A                 | A:0F B:00 F:00000000 [Z:0 C:0]
[0862] LD (0xD324), A                 | A:0F B:00 F:00000000 [Z:0 C:0]
[0865] LD (0xD325), A                 | A:0F B:00 F:00000000 [Z:0 C:0]
[0868] LD (0xD326), A                 | A:0F B:00 F:00000000 [Z:0 C:0]
[086B] LD (0xD327), A                 | A:0F B:00 F:00000000 [Z:0 C:0]
[086E] LD A, 0x0F                     | A:0F B:00 F:00000000 [Z:0 C:0]
[0870] LD (0xDB20), A                 | A:0F B:00 F:00000000 [Z:0 C:0]
[0873] LD (0xDB21), A                 | A:0F B:00 F:00000000 [Z:0 C:0]
[0876] LD (0xDB22), A                 | A:0F B:00 F:00000000 [Z:0 C:0]
[0879] LD (0xDB23), A                 | A:0F B:00 F:00000000 [Z:0 C:0]
[087C] LD (0xDB24), A                 | A:0F B:00 F:00000000 [Z:0 C:0]
[087F] LD (0xDB25), A                 | A:0F B:00 F:00000000 [Z:0 C:0]
[0882] LD (0xDB26), A                 | A:0F B:00 F:00000000 [Z:0 C:0]
[0885] LD (0xDB27), A                 | A:0F B:00 F:00000000 [Z:0 C:0]
[0888] LD A, 0x0F                     | A:0F B:00 F:00000000 [Z:0 C:0]
[088A] LD (0xE320), A                 | A:0F B:00 F:00000000 [Z:0 C:0]
[088D] LD (0xE321), A                 | A:0F B:00 F:00000000 [Z:0 C:0]
[0890] LD (0xE322), A                 | A:0F B:00 F:00000000 [Z:0 C:0]
[0893] LD (0xE323), A                 | A:0F B:00 F:00000000 [Z:0 C:0]
[0896] LD (0xE324), A                 | A:0F B:00 F:00000000 [Z:0 C:0]
[0899] LD (0xE325), A                 | A:0F B:00 F:00000000 [Z:0 C:0]
[089C] LD (0xE326), A                 | A:0F B:00 F:00000000 [Z:0 C:0]
[089F] LD (0xE327), A                 | A:0F B:00 F:00000000 [Z:0 C:0]
[08A2] LD A, 0x0F                     | A:0F B:00 F:00000000 [Z:0 C:0]
[08A4] LD (0xEB20), A                 | A:0F B:00 F:00000000 [Z:0 C:0]
[08A7] LD (0xEB21), A                 | A:0F B:00 F:00000000 [Z:0 C:0]
[08AA] LD (0xEB22), A                 | A:0F B:00 F:00000000 [Z:0 C:0]
[08AD] LD (0xEB23), A                 | A:0F B:00 F:00000000 [Z:0 C:0]
[08B0] LD (0xEB24), A                 | A:0F B:00 F:00000000 [Z:0 C:0]
[08B3] LD (0xEB25), A                 | A:0F B:00 F:00000000 [Z:0 C:0]
[08B6] LD (0xEB26), A                 | A:0F B:00 F:00000000 [Z:0 C:0]
[08B9] LD (0xEB27), A                 | A:0F B:00 F:00000000 [Z:0 C:0]
[08BC] LD A, 0x0F                     | A:0F B:00 F:00000000 [Z:0 C:0]
[08BE] LD (0xF320), A                 | A:0F B:00 F:00000000 [Z:0 C:0]
[08C1] LD (0xF321), A                 | A:0F B:00 F:00000000 [Z:0 C:0]
[08C4] LD (0xF322), A                 | A:0F B:00 F:00000000 [Z:0 C:0]
[08C7] LD (0xF323), A                 | A:0F B:00 F:00000000 [Z:0 C:0]
[08CA] LD (0xF324), A                 | A:0F B:00 F:00000000 [Z:0 C:0]
[08CD] LD (0xF325), A                 | A:0F B:00 F:00000000 [Z:0 C:0]
[08D0] LD (0xF326), A                 | A:0F B:00 F:00000000 [Z:0 C:0]
[08D3] LD (0xF327), A                 | A:0F B:00 F:00000000 [Z:0 C:0]
[08D6] LD A, 0x0F                     | A:0F B:00 F:00000000 [Z:0 C:0]
[08D8] LD (0xFB20), A                 | A:0F B:00 F:00000000 [Z:0 C:0]
[08DB] LD (0xFB21), A                 | A:0F B:00 F:00000000 [Z:0 C:0]
[08DE] LD (0xFB22), A                 | A:0F B:00 F:00000000 [Z:0 C:0]
[08E1] LD (0xFB23), A                 | A:0F B:00 F:00000000 [Z:0 C:0]
[08E4] LD (0xFB24), A                 | A:0F B:00 F:00000000 [Z:0 C:0]
[08E7] LD (0xFB25), A                 | A:0F B:00 F:00000000 [Z:0 C:0]
[08EA] LD (0xFB26), A                 | A:0F B:00 F:00000000 [Z:0 C:0]
[08ED] LD (0xFB27), A                 | A:0F B:00 F:00000000 [Z:0 C:0]
[08F0] LD A, 0x0F                     | A:0F B:00 F:00000000 [Z:0 C:0]
[08F2] LD (0xC370), A                 | A:0F B:00 F:00000000 [Z:0 C:0]
[08F5] LD (0xC371), A                 | A:0F B:00 F:00000000 [Z:0 C:0]
[08F8] LD (0xC372), A                 | A:0F B:00 F:00000000 [Z:0 C:0]
[08FB] LD (0xC373), A                 | A:0F B:00 F:00000000 [Z:0 C:0]
[08FE] LD (0xC374), A                 | A:0F B:00 F:00000000 [Z:0 C:0]
[0901] LD (0xC375), A                 | A:0F B:00 F:00000000 [Z:0 C:0]
[0904] LD (0xC376), A                 | A:0F B:00 F:00000000 [Z:0 C:0]
[0907] LD (0xC377), A                 | A:0F B:00 F:00000000 [Z:0 C:0]
[090A] LD A, 0x0F                     | A:0F B:00 F:00000000 [Z:0 C:0]
[090C] LD (0xCB70), A                 | A:0F B:00 F:00000000 [Z:0 C:0]
[090F] LD (0xCB71), A                 | A:0F B:00 F:00000000 [Z:0 C:0]
[0912] LD (0xCB72), A                 | A:0F B:00 F:00000000 [Z:0 C:0]
[0915] LD (0xCB73), A                 | A:0F B:00 F:00000000 [Z:0 C:0]
[0918] LD (0xCB74), A                 | A:0F B:00 F:00000000 [Z:0 C:0]
[091B] LD (0xCB75), A                 | A:0F B:00 F:00000000 [Z:0 C:0]
[091E] LD (0xCB76), A                 | A:0F B:00 F:00000000 [Z:0 C:0]
[0921] LD (0xCB77), A                 | A:0F B:00 F:00000000 [Z:0 C:0]
[0924] LD A, 0x0F                     | A:0F B:00 F:00000000 [Z:0 C:0]
[0926] LD (0xD370), A                 | A:0F B:00 F:00000000 [Z:0 C:0]
[0929] LD (0xD371), A                 | A:0F B:00 F:00000000 [Z:0 C:0]
[092C] LD (0xD372), A                 | A:0F B:00 F:00000000 [Z:0 C:0]
[092F] LD (0xD373), A                 | A:0F B:00 F:00000000 [Z:0 C:0]
[0932] LD (0xD374), A                 | A:0F B:00 F:00000000 [Z:0 C:0]
[0935] LD (0xD375), A                 | A:0F B:00 F:00000000 [Z:0 C:0]
[0938] LD (0xD376), A                 | A:0F B:00 F:00000000 [Z:0 C:0]
[093B] LD (0xD377), A                 | A:0F B:00 F:00000000 [Z:0 C:0]
[093E] LD A, 0x0F                     | A:0F B:00 F:00000000 [Z:0 C:0]
[0940] LD (0xDB70), A                 | A:0F B:00 F:00000000 [Z:0 C:0]
[0943] LD (0xDB71), A                 | A:0F B:00 F:00000000 [Z:0 C:0]
[0946] LD (0xDB72), A                 | A:0F B:00 F:00000000 [Z:0 C:0]
[0949] LD (0xDB73), A                 | A:0F B:00 F:00000000 [Z:0 C:0]
[094C] LD (0xDB74), A                 | A:0F B:00 F:00000000 [Z:0 C:0]
[094F] LD (0xDB75), A                 | A:0F B:00 F:00000000 [Z:0 C:0]
[0952] LD (0xDB76), A                 | A:0F B:00 F:00000000 [Z:0 C:0]
[0955] LD (0xDB77), A                 | A:0F B:00 F:00000000 [Z:0 C:0]
[0958] LD A, 0x0F                     | A:0F B:00 F:00000000 [Z:0 C:0]
[095A] LD (0xE370), A                 | A:0F B:00 F:00000000 [Z:0 C:0]
[095D] LD (0xE371), A                 | A:0F B:00 F:00000000 [Z:0 C:0]
[0960] LD (0xE372), A                 | A:0F B:00 F:00000000 [Z:0 C:0]
[0963] LD (0xE373), A                 | A:0F B:00 F:00000000 [Z:0 C:0]
[0966] LD (0xE374), A                 | A:0F B:00 F:00000000 [Z:0 C:0]
[0969] LD (0xE375), A                 | A:0F B:00 F:00000000 [Z:0 C:0]
[096C] LD (0xE376), A                 | A:0F B:00 F:00000000 [Z:0 C:0]
[096F] LD (0xE377), A                 | A:0F B:00 F:00000000 [Z:0 C:0]
[0972] LD A, 0x0F                     | A:0F B:00 F:00000000 [Z:0 C:0]
[0974] LD (0xEB70), A                 | A:0F B:00 F:00000000 [Z:0 C:0]
[0977] LD (0xEB71), A                 | A:0F B:00 F:00000000 [Z:0 C:0]
[097A] LD (0xEB72), A                 | A:0F B:00 F:00000000 [Z:0 C:0]
[097D] LD (0xEB73), A                 | A:0F B:00 F:00000000 [Z:0 C:0]
[0980] LD (0xEB74), A                 | A:0F B:00 F:00000000 [Z:0 C:0]
[0983] LD (0xEB75), A                 | A:0F B:00 F:00000000 [Z:0 C:0]
[0986] LD (0xEB76), A                 | A:0F B:00 F:00000000 [Z:0 C:0]
[0989] LD (0xEB77), A                 | A:0F B:00 F:00000000 [Z:0 C:0]
[098C] LD A, 0x0F                     | A:0F B:00 F:00000000 [Z:0 C:0]
[098E] LD (0xF370), A                 | A:0F B:00 F:00000000 [Z:0 C:0]
[0991] LD (0xF371), A                 | A:0F B:00 F:00000000 [Z:0 C:0]
[0994] LD (0xF372), A                 | A:0F B:00 F:00000000 [Z:0 C:0]
[0997] LD (0xF373), A                 | A:0F B:00 F:00000000 [Z:0 C:0]
[099A] LD (0xF374), A                 | A:0F B:00 F:00000000 [Z:0 C:0]
[099D] LD (0xF375), A                 | A:0F B:00 F:00000000 [Z:0 C:0]
[09A0] LD (0xF376), A                 | A:0F B:00 F:00000000 [Z:0 C:0]
[09A3] LD (0xF377), A                 | A:0F B:00 F:00000000 [Z:0 C:0]
[09A6] LD A, 0x0F                     | A:0F B:00 F:00000000 [Z:0 C:0]
[09A8] LD (0xFB70), A                 | A:0F B:00 F:00000000 [Z:0 C:0]
[09AB] LD (0xFB71), A                 | A:0F B:00 F:00000000 [Z:0 C:0]
[09AE] LD (0xFB72), A                 | A:0F B:00 F:00000000 [Z:0 C:0]
[09B1] LD (0xFB73), A                 | A:0F B:00 F:00000000 [Z:0 C:0]
[09B4] LD (0xFB74), A                 | A:0F B:00 F:00000000 [Z:0 C:0]
[09B7] LD (0xFB75), A                 | A:0F B:00 F:00000000 [Z:0 C:0]
[09BA] LD (0xFB76), A                 | A:0F B:00 F:00000000 [Z:0 C:0]
[09BD] LD (0xFB77), A                 | A:0F B:00 F:00000000 [Z:0 C:0]
[09C0] LD A, 0x0F                     | A:0F B:00 F:00000000 [Z:0 C:0]
[09C2] LD (0xC3C0), A                 | A:0F B:00 F:00000000 [Z:0 C:0]
[09C5] LD (0xC3C1), A                 | A:0F B:00 F:00000000 [Z:0 C:0]
[09C8] LD (0xC3C2), A                 | A:0F B:00 F:00000000 [Z:0 C:0]
[09CB] LD (0xC3C3), A                 | A:0F B:00 F:00000000 [Z:0 C:0]
[09CE] LD (0xC3C4), A                 | A:0F B:00 F:00000000 [Z:0 C:0]
[09D1] LD (0xC3C5), A                 | A:0F B:00 F:00000000 [Z:0 C:0]
[09D4] LD (0xC3C6), A                 | A:0F B:00 F:00000000 [Z:0 C:0]
[09D7] LD (0xC3C7), A                 | A:0F B:00 F:00000000 [Z:0 C:0]
[09DA] LD A, 0x0F                     | A:0F B:00 F:00000000 [Z:0 C:0]
[09DC] LD (0xCBC0), A                 | A:0F B:00 F:00000000 [Z:0 C:0]
[09DF] LD (0xCBC1), A                 | A:0F B:00 F:00000000 [Z:0 C:0]
[09E2] LD (0xCBC2), A                 | A:0F B:00 F:00000000 [Z:0 C:0]
[09E5] LD (0xCBC3), A                 | A:0F B:00 F:00000000 [Z:0 C:0]
[09E8] LD (0xCBC4), A                 | A:0F B:00 F:00000000 [Z:0 C:0]
[09EB] LD (0xCBC5), A                 | A:0F B:00 F:00000000 [Z:0 C:0]
[09EE] LD (0xCBC6), A                 | A:0F B:00 F:00000000 [Z:0 C:0]
[09F1] LD (0xCBC7), A                 | A:0F B:00 F:00000000 [Z:0 C:0]
[09F4] LD A, 0x0F                     | A:0F B:00 F:00000000 [Z:0 C:0]
[09F6] LD (0xD3C0), A                 | A:0F B:00 F:00000000 [Z:0 C:0]
[09F9] LD (0xD3C1), A                 | A:0F B:00 F:00000000 [Z:0 C:0]
[09FC] LD (0xD3C2), A                 | A:0F B:00 F:00000000 [Z:0 C:0]
[09FF] LD (0xD3C3), A                 | A:0F B:00 F:00000000 [Z:0 C:0]
[0A02] LD (0xD3C4), A                 | A:0F B:00 F:00000000 [Z:0 C:0]
[0A05] LD (0xD3C5), A                 | A:0F B:00 F:00000000 [Z:0 C:0]
[0A08] LD (0xD3C6), A                 | A:0F B:00 F:00000000 [Z:0 C:0]
[0A0B] LD (0xD3C7), A                 | A:0F B:00 F:00000000 [Z:0 C:0]
[0A0E] LD A, 0x0F                     | A:0F B:00 F:00000000 [Z:0 C:0]
[0A10] LD (0xDBC0), A                 | A:0F B:00 F:00000000 [Z:0 C:0]
[0A13] LD (0xDBC1), A                 | A:0F B:00 F:00000000 [Z:0 C:0]
[0A16] LD (0xDBC2), A                 | A:0F B:00 F:00000000 [Z:0 C:0]
[0A19] LD (0xDBC3), A                 | A:0F B:00 F:00000000 [Z:0 C:0]
[0A1C] LD (0xDBC4), A                 | A:0F B:00 F:00000000 [Z:0 C:0]
[0A1F] LD (0xDBC5), A                 | A:0F B:00 F:00000000 [Z:0 C:0]
[0A22] LD (0xDBC6), A                 | A:0F B:00 F:00000000 [Z:0 C:0]
[0A25] LD (0xDBC7), A                 | A:0F B:00 F:00000000 [Z:0 C:0]
[0A28] LD A, 0xF0                     | A:F0 B:00 F:00000000 [Z:0 C:0]
[0A2A] LD (0xE3C0), A                 | A:F0 B:00 F:00000000 [Z:0 C:0]
[0A2D] LD (0xE3C1), A                 | A:F0 B:00 F:00000000 [Z:0 C:0]
[0A30] LD (0xE3C2), A                 | A:F0 B:00 F:00000000 [Z:0 C:0]
[0A33] LD (0xE3C3), A                 | A:F0 B:00 F:00000000 [Z:0 C:0]
[0A36] LD (0xE3C4), A                 | A:F0 B:00 F:00000000 [Z:0 C:0]
[0A39] LD (0xE3C5), A                 | A:F0 B:00 F:00000000 [Z:0 C:0]
[0A3C] LD (0xE3C6), A                 | A:F0 B:00 F:00000000 [Z:0 C:0]
[0A3F] LD (0xE3C7), A                 | A:F0 B:00 F:00000000 [Z:0 C:0]
[0A42] LD A, 0xF0                     | A:F0 B:00 F:00000000 [Z:0 C:0]
[0A44] LD (0xEBC0), A                 | A:F0 B:00 F:00000000 [Z:0 C:0]
[0A47] LD (0xEBC1), A                 | A:F0 B:00 F:00000000 [Z:0 C:0]
[0A4A] LD (0xEBC2), A                 | A:F0 B:00 F:00000000 [Z:0 C:0]
[0A4D] LD (0xEBC3), A                 | A:F0 B:00 F:00000000 [Z:0 C:0]
[0A50] LD (0xEBC4), A                 | A:F0 B:00 F:00000000 [Z:0 C:0]
[0A53] LD (0xEBC5), A                 | A:F0 B:00 F:00000000 [Z:0 C:0]
[0A56] LD (0xEBC6), A                 | A:F0 B:00 F:00000000 [Z:0 C:0]
[0A59] LD (0xEBC7), A                 | A:F0 B:00 F:00000000 [Z:0 C:0]
[0A5C] LD A, 0xF0                     | A:F0 B:00 F:00000000 [Z:0 C:0]
[0A5E] LD (0xF3C0), A                 | A:F0 B:00 F:00000000 [Z:0 C:0]
[0A61] LD (0xF3C1), A                 | A:F0 B:00 F:00000000 [Z:0 C:0]
[0A64] LD (0xF3C2), A                 | A:F0 B:00 F:00000000 [Z:0 C:0]
[0A67] LD (0xF3C3), A                 | A:F0 B:00 F:00000000 [Z:0 C:0]
[0A6A] LD (0xF3C4), A                 | A:F0 B:00 F:00000000 [Z:0 C:0]
[0A6D] LD (0xF3C5), A                 | A:F0 B:00 F:00000000 [Z:0 C:0]
[0A70] LD (0xF3C6), A                 | A:F0 B:00 F:00000000 [Z:0 C:0]
[0A73] LD (0xF3C7), A                 | A:F0 B:00 F:00000000 [Z:0 C:0]
[0A76] LD A, 0xF0                     | A:F0 B:00 F:00000000 [Z:0 C:0]
[0A78] LD (0xFBC0), A                 | A:F0 B:00 F:00000000 [Z:0 C:0]
[0A7B] LD (0xFBC1), A                 | A:F0 B:00 F:00000000 [Z:0 C:0]
[0A7E] LD (0xFBC2), A                 | A:F0 B:00 F:00000000 [Z:0 C:0]
[0A81] LD (0xFBC3), A                 | A:F0 B:00 F:00000000 [Z:0 C:0]
[0A84] LD (0xFBC4), A                 | A:F0 B:00 F:00000000 [Z:0 C:0]
[0A87] LD (0xFBC5), A                 | A:F0 B:00 F:00000000 [Z:0 C:0]
[0A8A] LD (0xFBC6), A                 | A:F0 B:00 F:00000000 [Z:0 C:0]
[0A8D] LD (0xFBC7), A                 | A:F0 B:00 F:00000000 [Z:0 C:0]
[0A90] LD A, 0xF0                     | A:F0 B:00 F:00000000 [Z:0 C:0]
[0A92] LD (0xC410), A                 | A:F0 B:00 F:00000000 [Z:0 C:0]
[0A95] LD (0xC411), A                 | A:F0 B:00 F:00000000 [Z:0 C:0]
[0A98] LD (0xC412), A                 | A:F0 B:00 F:00000000 [Z:0 C:0]
[0A9B] LD (0xC413), A                 | A:F0 B:00 F:00000000 [Z:0 C:0]
[0A9E] LD (0xC414), A                 | A:F0 B:00 F:00000000 [Z:0 C:0]
[0AA1] LD (0xC415), A                 | A:F0 B:00 F:00000000 [Z:0 C:0]
[0AA4] LD (0xC416), A                 | A:F0 B:00 F:00000000 [Z:0 C:0]
[0AA7] LD (0xC417), A                 | A:F0 B:00 F:00000000 [Z:0 C:0]
[0AAA] LD A, 0xF0                     | A:F0 B:00 F:00000000 [Z:0 C:0]
[0AAC] LD (0xCC10), A                 | A:F0 B:00 F:00000000 [Z:0 C:0]
[0AAF] LD (0xCC11), A                 | A:F0 B:00 F:00000000 [Z:0 C:0]
[0AB2] LD (0xCC12), A                 | A:F0 B:00 F:00000000 [Z:0 C:0]
[0AB5] LD (0xCC13), A                 | A:F0 B:00 F:00000000 [Z:0 C:0]
[0AB8] LD (0xCC14), A                 | A:F0 B:00 F:00000000 [Z:0 C:0]
[0ABB] LD (0xCC15), A                 | A:F0 B:00 F:00000000 [Z:0 C:0]
[0ABE] LD (0xCC16), A                 | A:F0 B:00 F:00000000 [Z:0 C:0]
[0AC1] LD (0xCC17), A                 | A:F0 B:00 F:00000000 [Z:0 C:0]
[0AC4] LD A, 0xF0                     | A:F0 B:00 F:00000000 [Z:0 C:0]
[0AC6] LD (0xD410), A                 | A:F0 B:00 F:00000000 [Z:0 C:0]
[0AC9] LD (0xD411), A                 | A:F0 B:00 F:00000000 [Z:0 C:0]
[0ACC] LD (0xD412), A                 | A:F0 B:00 F:00000000 [Z:0 C:0]
[0ACF] LD (0xD413), A                 | A:F0 B:00 F:00000000 [Z:0 C:0]
[0AD2] LD (0xD414), A                 | A:F0 B:00 F:00000000 [Z:0 C:0]
[0AD5] LD (0xD415), A                 | A:F0 B:00 F:00000000 [Z:0 C:0]
[0AD8] LD (0xD416), A                 | A:F0 B:00 F:00000000 [Z:0 C:0]
[0ADB] LD (0xD417), A                 | A:F0 B:00 F:00000000 [Z:0 C:0]
[0ADE] LD A, 0xF0                     | A:F0 B:00 F:00000000 [Z:0 C:0]
[0AE0] LD (0xDC10), A                 | A:F0 B:00 F:00000000 [Z:0 C:0]
[0AE3] LD (0xDC11), A                 | A:F0 B:00 F:00000000 [Z:0 C:0]
[0AE6] LD (0xDC12), A                 | A:F0 B:00 F:00000000 [Z:0 C:0]
[0AE9] LD (0xDC13), A                 | A:F0 B:00 F:00000000 [Z:0 C:0]
[0AEC] LD (0xDC14), A                 | A:F0 B:00 F:00000000 [Z:0 C:0]
[0AEF] LD (0xDC15), A                 | A:F0 B:00 F:00000000 [Z:0 C:0]
[0AF2] LD (0xDC16), A                 | A:F0 B:00 F:00000000 [Z:0 C:0]
[0AF5] LD (0xDC17), A                 | A:F0 B:00 F:00000000 [Z:0 C:0]
[0AF8] LD A, 0xF0                     | A:F0 B:00 F:00000000 [Z:0 C:0]
[0AFA] LD (0xE410), A                 | A:F0 B:00 F:00000000 [Z:0 C:0]
[0AFD] LD (0xE411), A                 | A:F0 B:00 F:00000000 [Z:0 C:0]
[0B00] LD (0xE412), A                 | A:F0 B:00 F:00000000 [Z:0 C:0]
[0B03] LD (0xE413), A                 | A:F0 B:00 F:00000000 [Z:0 C:0]
[0B06] LD (0xE414), A                 | A:F0 B:00 F:00000000 [Z:0 C:0]
[0B09] LD (0xE415), A                 | A:F0 B:00 F:00000000 [Z:0 C:0]
[0B0C] LD (0xE416), A                 | A:F0 B:00 F:00000000 [Z:0 C:0]
[0B0F] LD (0xE417), A                 | A:F0 B:00 F:00000000 [Z:0 C:0]
[0B12] LD A, 0xF0                     | A:F0 B:00 F:00000000 [Z:0 C:0]
[0B14] LD (0xEC10), A                 | A:F0 B:00 F:00000000 [Z:0 C:0]
[0B17] LD (0xEC11), A                 | A:F0 B:00 F:00000000 [Z:0 C:0]
[0B1A] LD (0xEC12), A                 | A:F0 B:00 F:00000000 [Z:0 C:0]
[0B1D] LD (0xEC13), A                 | A:F0 B:00 F:00000000 [Z:0 C:0]
[0B20] LD (0xEC14), A                 | A:F0 B:00 F:00000000 [Z:0 C:0]
[0B23] LD (0xEC15), A                 | A:F0 B:00 F:00000000 [Z:0 C:0]
[0B26] LD (0xEC16), A                 | A:F0 B:00 F:00000000 [Z:0 C:0]
[0B29] LD (0xEC17), A                 | A:F0 B:00 F:00000000 [Z:0 C:0]
[0B2C] LD A, 0xF0                     | A:F0 B:00 F:00000000 [Z:0 C:0]
[0B2E] LD (0xF410), A                 | A:F0 B:00 F:00000000 [Z:0 C:0]
[0B31] LD (0xF411), A                 | A:F0 B:00 F:00000000 [Z:0 C:0]
[0B34] LD (0xF412), A                 | A:F0 B:00 F:00000000 [Z:0 C:0]
[0B37] LD (0xF413), A                 | A:F0 B:00 F:00000000 [Z:0 C:0]
[0B3A] LD (0xF414), A                 | A:F0 B:00 F:00000000 [Z:0 C:0]
[0B3D] LD (0xF415), A                 | A:F0 B:00 F:00000000 [Z:0 C:0]
[0B40] LD (0xF416), A                 | A:F0 B:00 F:00000000 [Z:0 C:0]
[0B43] LD (0xF417), A                 | A:F0 B:00 F:00000000 [Z:0 C:0]
[0B46] LD A, 0xF0                     | A:F0 B:00 F:00000000 [Z:0 C:0]
--- Safety Limit Reached ---
--- VRAM dumped: .\programs\lesson6_vram ---
--- Execution Finished ---
