--- Schneider 6128 Z80 Trace: .\programs\lesson1.bin ---
[0x0000] LD A, 0x0A
[0x0002] INC A | A=0x0B
[0x0003] INC A | A=0x0C
[0x0004] JP 0x0000
[0x0000] LD A, 0x0A
[0x0002] INC A | A=0x0B
[0x0003] INC A | A=0x0C
[0x0004] JP 0x0000
[0x0000] LD A, 0x0A
[0x0002] INC A | A=0x0B
[0x0003] INC A | A=0x0C
[0x0004] JP 0x0000
[0x0000] LD A, 0x0A
[0x0002] INC A | A=0x0B
[0x0003] INC A | A=0x0C
[0x0004] JP 0x0000
[0x0000] LD A, 0x0A
[0x0002] INC A | A=0x0B
[0x0003] INC A | A=0x0C
[0x0004] JP 0x0000
[0x0000] LD A, 0x0A
[0x0002] INC A | A=0x0B
[0x0003] INC A | A=0x0C
[0x0004] JP 0x0000
[0x0000] LD A, 0x0A
[0x0002] INC A | A=0x0B
[0x0003] INC A | A=0x0C
[0x0004] JP 0x0000
[0x0000] LD A, 0x0A
[0x0002] INC A | A=0x0B
[0x0003] INC A | A=0x0C
[0x0004] JP 0x0000
[0x0000] LD A, 0x0A
[0x0002] INC A | A=0x0B
[0x0003] INC A | A=0x0C
[0x0004] JP 0x0000
[0x0000] LD A, 0x0A
[0x0002] INC A | A=0x0B
[0x0003] INC A | A=0x0C
[0x0004] JP 0x0000
[0x0000] LD A, 0x0A
[0x0002] INC A | A=0x0B
[0x0003] INC A | A=0x0C
[0x0004] JP 0x0000
[0x0000] LD A, 0x0A
[0x0002] INC A | A=0x0B
[0x0003] INC A | A=0x0C
[0x0004] JP 0x0000
[0x0000] LD A, 0x0A
[0x0002] INC A | A=0x0B
[0x0003] INC A | A=0x0C
[0x0004] JP 0x0000
[0x0000] LD A, 0x0A
[0x0002] INC A | A=0x0B
[0x0003] INC A | A=0x0C
[0x0004] JP 0x0000
[0x0000] LD A, 0x0A
[0x0002] INC A | A=0x0B
[0x0003] INC A | A=0x0C
[0x0004] JP 0x0000
[0x0000] LD A, 0x0A
[0x0002] INC A | A=0x0B
[0x0003] INC A | A=0x0C
[0x0004] JP 0x0000
[0x0000] LD A, 0x0A
[0x0002] INC A | A=0x0B
[0x0003] INC A | A=0x0C
[0x0004] JP 0x0000
[0x0000] LD A, 0x0A
[0x0002] INC A | A=0x0B
[0x0003] INC A | A=0x0C
[0x0004] JP 0x0000
[0x0000] LD A, 0x0A
[0x0002] INC A | A=0x0B
[0x0003] INC A | A=0x0C
[0x0004] JP 0x0000
[0x0000] LD A, 0x0A
[0x0002] INC A | A=0x0B
[0x0003] INC A | A=0x0C
[0x0004] JP 0x0000
[0x0000] LD A, 0x0A
[0x0002] INC A | A=0x0B
[0x0003] INC A | A=0x0C
[0x0004] JP 0x0000
[0x0000] LD A, 0x0A
[0x0002] INC A | A=0x0B
[0x0003] INC A | A=0x0C
[0x0004] JP 0x0000
[0x0000] LD A, 0x0A
[0x0002] INC A | A=0x0B
[0x0003] INC A | A=0x0C
[0x0004] JP 0x0000
[0x0000] LD A, 0x0A
[0x0002] INC A | A=0x0B
[0x0003] INC A | A=0x0C
[0x0004] JP 0x0000
[0x0000] LD A, 0x0A
[0x0002] INC A | A=0x0B
[0x0003] INC A | A=0x0C
[0x0004] JP 0x0000
--- Safety Limit Reached (100 cycles) ---
--- Execution Finished ---
